#
# A fatal error has been detected by the Java Runtime Environment:
#
#  SIGSEGV (0xb) at pc=0x00007f67414d6a86, pid=27528, tid=140080731576064
#
# JRE version: Java(TM) SE Runtime Environment (8.0_91-b14) (build 1.8.0_91-b14)
# Java VM: Java HotSpot(TM) 64-Bit Server VM (25.91-b14 mixed mode linux-amd64 compressed oops)
# Problematic frame:
# C  [libc.so.6+0x126a86]  __memmove_avx_unaligned+0x2c6
#
# Core dump written. Default location: /home/dewmal/projects/internal_projects/apistudio/core or core.27528
#
# If you would like to submit a bug report, please visit:
#   http://bugreport.java.com/bugreport/crash.jsp
# The crash happened outside the Java Virtual Machine in native code.
# See problematic frame for where to report the bug.
#

---------------  T H R E A D  ---------------

Current thread (0x00007f66b8007800):  JavaThread "Thread-1" [_thread_in_native, id=27728, stack(0x00007f67162ed000,0x00007f67163ee000)]

siginfo: si_signo: 11 (SIGSEGV), si_code: 2 (SEGV_ACCERR), si_addr: 0x00007f671781a000

Registers:
RAX=0x00007f66c80427e0, RBX=0x000000000000726f, RCX=0x0000000000000e7f, RDX=0x000000000000726f
RSP=0x00007f67163e9578, RBP=0x00007f67163e95d0, RSI=0x00007f671781a000, RDI=0x00007f66c8048bd0
R8 =0x00007f66c8000000, R9 =0x0000000000043000, R10=0x00007f66c8043000, R11=0x0000000000000206
R12=0x00007f671780630c, R13=0x00007f66c8023850, R14=0x0000000000007373, R15=0x00007f673c146210
RIP=0x00007f67414d6a86, EFLAGS=0x0000000000010287, CSGSFS=0x002b000000000033, ERR=0x0000000000000004
  TRAPNO=0x000000000000000e

Top of Stack: (sp=0x00007f67163e9578)
0x00007f67163e9578:   00007f673b5a1c7e 00007f66dc000e60
0x00007f67163e9588:   726f736600000000 0000000000006563
0x00007f67163e9598:   00000000746f6e6e 00007f66c8023850
0x00007f67163e95a8:   00007f673c146630 00007f66b0000e50
0x00007f67163e95b8:   00007f673c146210 000000009abdf3a1
0x00007f67163e95c8:   000000000000000a 00007f67163e9630
0x00007f67163e95d8:   00007f673b5a218f 00007f66b8007800
0x00007f67163e95e8:   01007f673c010190 00007f67163e9650
0x00007f67163e95f8:   00007f67163e965b 00007f67163e9659
0x00007f67163e9608:   00007f67163e9650 000000000000000a
0x00007f67163e9618:   00007f66b80079f8 00007f67163e9aa8
0x00007f67163e9628:   0000000000000001 00007f67163e9a90
0x00007f67163e9638:   00007f673b593ec0 0000000000000000
0x00007f67163e9648:   00007f673c146210 782e326a34676f6c
0x00007f67163e9658:   00007f66b8006c6d 00007f672a23d3d8
0x00007f67163e9668:   00007f66b8007800 00007f66b8007800
0x00007f67163e9678:   00007f672a23d3d8 00007f672a23d3d8
0x00007f67163e9688:   00007f672a23d3d8 00007f67413200f0
0x00007f67163e9698:   0000000000000000 00007f66b8007800
0x00007f67163e96a8:   00007f673c096090 00007f66c8007988
0x00007f67163e96b8:   00007f66c8007988 00007f67163e9880
0x00007f67163e96c8:   00007f6740aa313c 00007f66b8007800
0x00007f67163e96d8:   0000000000000000 00007f672c770a40
0x00007f67163e96e8:   00007f66c8007980 00007f67413200f0
0x00007f67163e96f8:   00007f6741de24a0 00000000163e9740
0x00007f67163e9708:   000000000000000d 00007f67163e95a0
0x00007f67163e9718:   0000003000000020 00007f67163e9890
0x00007f67163e9728:   00007f67163e97a0 00007f66b8007800
0x00007f67163e9738:   0000000000000000 00007f672a405188
0x00007f67163e9748:   00007f66b8007800 0000003000000018
0x00007f67163e9758:   00007f67163e9890 00007f67163e97a0
0x00007f67163e9768:   0000000000000063 00007f670000000d 

Instructions: (pc=0x00007f67414d6a86)
0x00007f67414d6a66:   c0 c3 0f 1f 84 00 00 00 00 00 48 8b 0d 41 47 27
0x00007f67414d6a76:   00 48 c1 e1 03 48 39 ca 73 10 48 89 d1 48 89 d1
0x00007f67414d6a86:   f3 a4 c3 0f 1f 80 00 00 00 00 48 8d 0c 16 c5 fe
0x00007f67414d6a96:   6f 26 c5 fa 6f 6c 16 80 c5 fa 6f 71 90 c5 fa 6f 

Register to memory mapping:

RAX=0x00007f66c80427e0 is an unknown value
RBX=0x000000000000726f is an unknown value
RCX=0x0000000000000e7f is an unknown value
RDX=0x000000000000726f is an unknown value
RSP=0x00007f67163e9578 is pointing into the stack for thread: 0x00007f66b8007800
RBP=0x00007f67163e95d0 is pointing into the stack for thread: 0x00007f66b8007800
RSI=0x00007f671781a000 is an unknown value
RDI=0x00007f66c8048bd0 is an unknown value
R8 =0x00007f66c8000000 is an unknown value
R9 =0x0000000000043000 is an unknown value
R10=0x00007f66c8043000 is an unknown value
R11=0x0000000000000206 is an unknown value
R12=0x00007f671780630c is an unknown value
R13=0x00007f66c8023850 is an unknown value
R14=0x0000000000007373 is an unknown value
R15=0x00007f673c146210 is an unknown value


Stack: [0x00007f67162ed000,0x00007f67163ee000],  sp=0x00007f67163e9578,  free space=1009k
Native frames: (J=compiled Java code, j=interpreted, Vv=VM code, C=native code)
C  [libc.so.6+0x126a86]  __memmove_avx_unaligned+0x2c6
C  [libzip.so+0x1218f]  ZIP_GetEntry2+0xff
C  [libzip.so+0x3ec0]  Java_java_util_zip_ZipFile_getEntry+0xf0
J 115  java.util.zip.ZipFile.getEntry(J[BZ)J (0 bytes) @ 0x00007f672c6c940e [0x00007f672c6c9340+0xce]
J 1800 C2 java.util.jar.JarFile.getEntry(Ljava/lang/String;)Ljava/util/zip/ZipEntry; (22 bytes) @ 0x00007f672cb0a0b4 [0x00007f672cb09d60+0x354]
J 1002 C2 sun.misc.URLClassPath$JarLoader.getResource(Ljava/lang/String;Z)Lsun/misc/Resource; (85 bytes) @ 0x00007f672c913374 [0x00007f672c9132a0+0xd4]
J 465 C2 sun.misc.URLClassPath$JarLoader.findResource(Ljava/lang/String;Z)Ljava/net/URL; (18 bytes) @ 0x00007f672c7cc2d4 [0x00007f672c7cc2a0+0x34]
J 467 C1 sun.misc.URLClassPath.findResource(Ljava/lang/String;Z)Ljava/net/URL; (47 bytes) @ 0x00007f672c7ccddc [0x00007f672c7ccc80+0x15c]
J 2351 C1 java.net.URLClassLoader$2.run()Ljava/lang/Object; (5 bytes) @ 0x00007f672ccb9dd4 [0x00007f672ccb9cc0+0x114]
v  ~StubRoutines::call_stub
V  [libjvm.so+0x68dbc6]  JavaCalls::call_helper(JavaValue*, methodHandle*, JavaCallArguments*, Thread*)+0x1056
V  [libjvm.so+0x726a0c]  JVM_DoPrivileged+0x27c
J 976  java.security.AccessController.doPrivileged(Ljava/security/PrivilegedAction;Ljava/security/AccessControlContext;)Ljava/lang/Object; (0 bytes) @ 0x00007f672c9021d5 [0x00007f672c902100+0xd5]
J 1834 C1 java.net.URLClassLoader.findResource(Ljava/lang/String;)Ljava/net/URL; (37 bytes) @ 0x00007f672cb15194 [0x00007f672cb15000+0x194]
J 1833 C1 java.lang.ClassLoader.getResource(Ljava/lang/String;)Ljava/net/URL; (36 bytes) @ 0x00007f672cb1fc24 [0x00007f672cb1f760+0x4c4]
j  org.apache.logging.log4j.core.util.Loader.getResource(Ljava/lang/String;Ljava/lang/ClassLoader;)Ljava/net/URL;+22
j  org.apache.logging.log4j.core.config.ConfigurationFactory.getInputFromResource(Ljava/lang/String;Ljava/lang/ClassLoader;)Lorg/apache/logging/log4j/core/config/ConfigurationSource;+2
j  org.apache.logging.log4j.core.config.ConfigurationFactory$Factory.getConfiguration(ZLjava/lang/String;)Lorg/apache/logging/log4j/core/config/Configuration;+167
j  org.apache.logging.log4j.core.config.ConfigurationFactory$Factory.getConfiguration(Ljava/lang/String;Ljava/net/URI;)Lorg/apache/logging/log4j/core/config/Configuration;+415
j  org.apache.logging.log4j.core.config.ConfigurationFactory.getConfiguration(Ljava/lang/String;Ljava/net/URI;Ljava/lang/ClassLoader;)Lorg/apache/logging/log4j/core/config/Configuration;+16
j  org.apache.logging.log4j.core.LoggerContext.reconfigure(Ljava/net/URI;)V+51
j  org.apache.logging.log4j.core.LoggerContext.reconfigure()V+5
j  org.apache.logging.log4j.core.LoggerContext.start()V+77
j  org.apache.logging.log4j.core.impl.Log4jContextFactory.getContext(Ljava/lang/String;Ljava/lang/ClassLoader;Ljava/lang/Object;ZLjava/net/URI;Ljava/lang/String;)Lorg/apache/logging/log4j/core/LoggerContext;+121
j  org.apache.logging.log4j.core.impl.Log4jContextFactory.getContext(Ljava/lang/String;Ljava/lang/ClassLoader;Ljava/lang/Object;ZLjava/net/URI;Ljava/lang/String;)Lorg/apache/logging/log4j/spi/LoggerContext;+10
j  org.apache.logging.log4j.LogManager.getContext(Z)Lorg/apache/logging/log4j/spi/LoggerContext;+11
j  org.apache.logging.log4j.LogManager.getLogger(Ljava/lang/String;)Lorg/apache/logging/log4j/Logger;+5
j  org.jboss.logging.Log4j2Logger.<init>(Ljava/lang/String;)V+6
j  org.jboss.logging.Log4j2LoggerProvider.getLogger(Ljava/lang/String;)Lorg/jboss/logging/Log4j2Logger;+5
j  org.jboss.logging.Log4j2LoggerProvider.getLogger(Ljava/lang/String;)Lorg/jboss/logging/Logger;+2
j  org.jboss.logging.Logger.getLogger(Ljava/lang/String;)Lorg/jboss/logging/Logger;+4
j  org.jboss.logging.Logger$1.run()Ljava/lang/Object;+324
v  ~StubRoutines::call_stub
V  [libjvm.so+0x68dbc6]  JavaCalls::call_helper(JavaValue*, methodHandle*, JavaCallArguments*, Thread*)+0x1056
V  [libjvm.so+0x726a0c]  JVM_DoPrivileged+0x27c
J 480  java.security.AccessController.doPrivileged(Ljava/security/PrivilegedAction;)Ljava/lang/Object; (0 bytes) @ 0x00007f672c7d10ff [0x00007f672c7d1040+0xbf]
j  org.jboss.logging.Logger.getMessageLogger(Ljava/lang/Class;Ljava/lang/String;Ljava/util/Locale;)Ljava/lang/Object;+10
j  org.jboss.logging.Logger.getMessageLogger(Ljava/lang/Class;Ljava/lang/String;)Ljava/lang/Object;+5
j  org.jboss.weld.logging.ContextLogger.<clinit>()V+8
v  ~StubRoutines::call_stub
V  [libjvm.so+0x68dbc6]  JavaCalls::call_helper(JavaValue*, methodHandle*, JavaCallArguments*, Thread*)+0x1056
V  [libjvm.so+0x63fc17]  InstanceKlass::call_class_initializer_impl(instanceKlassHandle, Thread*)+0xd7
V  [libjvm.so+0x6424dc]  InstanceKlass::initialize_impl(instanceKlassHandle, Thread*)+0x1ac
V  [libjvm.so+0x6428a1]  InstanceKlass::initialize(Thread*)+0x41
V  [libjvm.so+0x7ef76f]  LinkResolver::resolve_field(fieldDescriptor&, KlassHandle, Symbol*, Symbol*, KlassHandle, Bytecodes::Code, bool, bool, Thread*)+0x4df
V  [libjvm.so+0x7ef9d5]  LinkResolver::resolve_field_access(fieldDescriptor&, constantPoolHandle, int, Bytecodes::Code, Thread*)+0x245
V  [libjvm.so+0x685b25]  InterpreterRuntime::resolve_get_put(JavaThread*, Bytecodes::Code)+0x125
j  org.jboss.weld.context.AbstractContext.destroy()V+0
j  org.jboss.weld.context.AbstractSharedContext.destroy()V+1
j  org.jboss.weld.context.AbstractSharedContext.invalidate()V+1
j  org.jboss.weld.bootstrap.WeldRuntime.shutdown()V+26
j  org.jboss.weld.bootstrap.WeldBootstrap.shutdown()V+11
j  org.jboss.weld.environment.se.WeldContainer.shutdown()V+75
j  org.jboss.weld.environment.se.WeldContainer$ShutdownHook.run()V+38
v  ~StubRoutines::call_stub
V  [libjvm.so+0x68dbc6]  JavaCalls::call_helper(JavaValue*, methodHandle*, JavaCallArguments*, Thread*)+0x1056
V  [libjvm.so+0x68e0d1]  JavaCalls::call_virtual(JavaValue*, KlassHandle, Symbol*, Symbol*, JavaCallArguments*, Thread*)+0x321
V  [libjvm.so+0x68e567]  JavaCalls::call_virtual(JavaValue*, Handle, KlassHandle, Symbol*, Symbol*, Thread*)+0x47
V  [libjvm.so+0x7254b0]  thread_entry(JavaThread*, Thread*)+0xa0
V  [libjvm.so+0xa6b77f]  JavaThread::thread_main_inner()+0xdf
V  [libjvm.so+0xa6b8ac]  JavaThread::run()+0x11c
V  [libjvm.so+0x91ef78]  java_start(Thread*)+0x108
C  [libpthread.so.0+0x7484]  start_thread+0xc4

Java frames: (J=compiled Java code, j=interpreted, Vv=VM code)
J 115  java.util.zip.ZipFile.getEntry(J[BZ)J (0 bytes) @ 0x00007f672c6c9398 [0x00007f672c6c9340+0x58]
J 1800 C2 java.util.jar.JarFile.getEntry(Ljava/lang/String;)Ljava/util/zip/ZipEntry; (22 bytes) @ 0x00007f672cb0a0b4 [0x00007f672cb09d60+0x354]
J 1002 C2 sun.misc.URLClassPath$JarLoader.getResource(Ljava/lang/String;Z)Lsun/misc/Resource; (85 bytes) @ 0x00007f672c913374 [0x00007f672c9132a0+0xd4]
J 465 C2 sun.misc.URLClassPath$JarLoader.findResource(Ljava/lang/String;Z)Ljava/net/URL; (18 bytes) @ 0x00007f672c7cc2d4 [0x00007f672c7cc2a0+0x34]
J 467 C1 sun.misc.URLClassPath.findResource(Ljava/lang/String;Z)Ljava/net/URL; (47 bytes) @ 0x00007f672c7ccddc [0x00007f672c7ccc80+0x15c]
J 2351 C1 java.net.URLClassLoader$2.run()Ljava/lang/Object; (5 bytes) @ 0x00007f672ccb9dd4 [0x00007f672ccb9cc0+0x114]
v  ~StubRoutines::call_stub
J 976  java.security.AccessController.doPrivileged(Ljava/security/PrivilegedAction;Ljava/security/AccessControlContext;)Ljava/lang/Object; (0 bytes) @ 0x00007f672c902163 [0x00007f672c902100+0x63]
J 1834 C1 java.net.URLClassLoader.findResource(Ljava/lang/String;)Ljava/net/URL; (37 bytes) @ 0x00007f672cb15194 [0x00007f672cb15000+0x194]
J 1833 C1 java.lang.ClassLoader.getResource(Ljava/lang/String;)Ljava/net/URL; (36 bytes) @ 0x00007f672cb1fc24 [0x00007f672cb1f760+0x4c4]
j  org.apache.logging.log4j.core.util.Loader.getResource(Ljava/lang/String;Ljava/lang/ClassLoader;)Ljava/net/URL;+22
j  org.apache.logging.log4j.core.config.ConfigurationFactory.getInputFromResource(Ljava/lang/String;Ljava/lang/ClassLoader;)Lorg/apache/logging/log4j/core/config/ConfigurationSource;+2
j  org.apache.logging.log4j.core.config.ConfigurationFactory$Factory.getConfiguration(ZLjava/lang/String;)Lorg/apache/logging/log4j/core/config/Configuration;+167
j  org.apache.logging.log4j.core.config.ConfigurationFactory$Factory.getConfiguration(Ljava/lang/String;Ljava/net/URI;)Lorg/apache/logging/log4j/core/config/Configuration;+415
j  org.apache.logging.log4j.core.config.ConfigurationFactory.getConfiguration(Ljava/lang/String;Ljava/net/URI;Ljava/lang/ClassLoader;)Lorg/apache/logging/log4j/core/config/Configuration;+16
j  org.apache.logging.log4j.core.LoggerContext.reconfigure(Ljava/net/URI;)V+51
j  org.apache.logging.log4j.core.LoggerContext.reconfigure()V+5
j  org.apache.logging.log4j.core.LoggerContext.start()V+77
j  org.apache.logging.log4j.core.impl.Log4jContextFactory.getContext(Ljava/lang/String;Ljava/lang/ClassLoader;Ljava/lang/Object;ZLjava/net/URI;Ljava/lang/String;)Lorg/apache/logging/log4j/core/LoggerContext;+121
j  org.apache.logging.log4j.core.impl.Log4jContextFactory.getContext(Ljava/lang/String;Ljava/lang/ClassLoader;Ljava/lang/Object;ZLjava/net/URI;Ljava/lang/String;)Lorg/apache/logging/log4j/spi/LoggerContext;+10
j  org.apache.logging.log4j.LogManager.getContext(Z)Lorg/apache/logging/log4j/spi/LoggerContext;+11
j  org.apache.logging.log4j.LogManager.getLogger(Ljava/lang/String;)Lorg/apache/logging/log4j/Logger;+5
j  org.jboss.logging.Log4j2Logger.<init>(Ljava/lang/String;)V+6
j  org.jboss.logging.Log4j2LoggerProvider.getLogger(Ljava/lang/String;)Lorg/jboss/logging/Log4j2Logger;+5
j  org.jboss.logging.Log4j2LoggerProvider.getLogger(Ljava/lang/String;)Lorg/jboss/logging/Logger;+2
j  org.jboss.logging.Logger.getLogger(Ljava/lang/String;)Lorg/jboss/logging/Logger;+4
j  org.jboss.logging.Logger$1.run()Ljava/lang/Object;+324
v  ~StubRoutines::call_stub
J 480  java.security.AccessController.doPrivileged(Ljava/security/PrivilegedAction;)Ljava/lang/Object; (0 bytes) @ 0x00007f672c7d108f [0x00007f672c7d1040+0x4f]
j  org.jboss.logging.Logger.getMessageLogger(Ljava/lang/Class;Ljava/lang/String;Ljava/util/Locale;)Ljava/lang/Object;+10
j  org.jboss.logging.Logger.getMessageLogger(Ljava/lang/Class;Ljava/lang/String;)Ljava/lang/Object;+5
j  org.jboss.weld.logging.ContextLogger.<clinit>()V+8
v  ~StubRoutines::call_stub
j  org.jboss.weld.context.AbstractContext.destroy()V+0
j  org.jboss.weld.context.AbstractSharedContext.destroy()V+1
j  org.jboss.weld.context.AbstractSharedContext.invalidate()V+1
j  org.jboss.weld.bootstrap.WeldRuntime.shutdown()V+26
j  org.jboss.weld.bootstrap.WeldBootstrap.shutdown()V+11
j  org.jboss.weld.environment.se.WeldContainer.shutdown()V+75
j  org.jboss.weld.environment.se.WeldContainer$ShutdownHook.run()V+38
v  ~StubRoutines::call_stub

---------------  P R O C E S S  ---------------

Java Threads: ( => current thread )
=>0x00007f66b8007800 JavaThread "Thread-1" [_thread_in_native, id=27728, stack(0x00007f67162ed000,0x00007f67163ee000)]
  0x00007f66e8001000 JavaThread "SIGINT handler" daemon [_thread_blocked, id=27727, stack(0x00007f6715ee9000,0x00007f6715fea000)]
  0x00007f673cc76000 JavaThread "Grizzly-HttpSession-Expirer" daemon [_thread_blocked, id=27619, stack(0x00007f67155e0000,0x00007f67156e1000)]
  0x00007f66c0002800 JavaThread "ForkJoinPool.commonPool-worker-7" daemon [_thread_blocked, id=27583, stack(0x00007f6715ce7000,0x00007f6715de8000)]
  0x00007f66bc001000 JavaThread "ForkJoinPool.commonPool-worker-4" daemon [_thread_blocked, id=27580, stack(0x00007f6715fea000,0x00007f67160eb000)]
  0x00007f66c8001000 JavaThread "ForkJoinPool.commonPool-worker-3" daemon [_thread_blocked, id=27579, stack(0x00007f67160eb000,0x00007f67161ec000)]
  0x00007f673cb23000 JavaThread "ForkJoinPool.commonPool-worker-2" daemon [_thread_blocked, id=27578, stack(0x00007f67161ec000,0x00007f67162ed000)]
  0x00007f673c5d6000 JavaThread "Monitor Ctrl-Break" daemon [_thread_in_native, id=27566, stack(0x00007f671723a000,0x00007f671733b000)]
  0x00007f673c0d9000 JavaThread "Service Thread" daemon [_thread_blocked, id=27564, stack(0x00007f671791b000,0x00007f6717a1c000)]
  0x00007f673c0ce000 JavaThread "C1 CompilerThread3" daemon [_thread_blocked, id=27563, stack(0x00007f6717a1c000,0x00007f6717b1d000)]
  0x00007f673c0cc000 JavaThread "C2 CompilerThread2" daemon [_thread_blocked, id=27562, stack(0x00007f6717b1d000,0x00007f6717c1e000)]
  0x00007f673c0ca000 JavaThread "C2 CompilerThread1" daemon [_thread_blocked, id=27561, stack(0x00007f6717c1e000,0x00007f6717d1f000)]
  0x00007f673c0c7000 JavaThread "C2 CompilerThread0" daemon [_thread_blocked, id=27560, stack(0x00007f6717d1f000,0x00007f6717e20000)]
  0x00007f673c0c5800 JavaThread "Signal Dispatcher" daemon [_thread_blocked, id=27559, stack(0x00007f6728039000,0x00007f672813a000)]
  0x00007f673c093000 JavaThread "Finalizer" daemon [_thread_blocked, id=27551, stack(0x00007f672813a000,0x00007f672823b000)]
  0x00007f673c08e800 JavaThread "Reference Handler" daemon [_thread_blocked, id=27550, stack(0x00007f672823b000,0x00007f672833c000)]
  0x00007f673c010800 JavaThread "main" [_thread_blocked, id=27529, stack(0x00007f6741e72000,0x00007f6741f73000)]

Other Threads:
  0x00007f673c086800 VMThread [stack: 0x00007f672833c000,0x00007f672843d000] [id=27548]
  0x00007f673c0dc000 WatcherThread [stack: 0x00007f671781a000,0x00007f671791b000] [id=27565]

VM state:not at safepoint (normal execution)

VM Mutex/Monitor currently owned by a thread: None

Heap:
 PSYoungGen      total 150016K, used 17669K [0x0000000781d00000, 0x000000078ea00000, 0x00000007c0000000)
  eden space 142336K, 7% used [0x0000000781d00000,0x00000007826c24c8,0x000000078a800000)
  from space 7680K, 99% used [0x000000078e280000,0x000000078e9ff048,0x000000078ea00000)
  to   space 7680K, 0% used [0x000000078db00000,0x000000078db00000,0x000000078e280000)
 ParOldGen       total 83456K, used 12885K [0x0000000705600000, 0x000000070a780000, 0x0000000781d00000)
  object space 83456K, 15% used [0x0000000705600000,0x0000000706295430,0x000000070a780000)
 Metaspace       used 30584K, capacity 30940K, committed 31360K, reserved 1077248K
  class space    used 3973K, capacity 4106K, committed 4224K, reserved 1048576K

Card table byte_map: [0x00007f672bbfa000,0x00007f672c1d0000] byte_map_base: 0x00007f67283cf000

Marking Bits: (ParMarkBitMap*) 0x00007f6741383d60
 Begin Bits: [0x00007f66f22b0000, 0x00007f66f5158000)
 End Bits:   [0x00007f66f5158000, 0x00007f66f8000000)

Polling page: 0x00007f6741fa9000

CodeCache: size=245760Kb used=7326Kb max_used=7326Kb free=238433Kb
 bounds [0x00007f672c590000, 0x00007f672ccc0000, 0x00007f673b590000]
 total_blobs=2780 nmethods=2352 adapters=341
 compilation: enabled

Compilation events (10 events):
Event: 14.394 Thread 0x00007f673c0ce000 2349       3       java.util.concurrent.CopyOnWriteArrayList::size (6 bytes)
Event: 14.394 Thread 0x00007f673c0ce000 nmethod 2349 0x00007f672ccb8d10 code [0x00007f672ccb8e80, 0x00007f672ccb9070]
Event: 14.398 Thread 0x00007f673c0ce000 2350       3       org.apache.logging.log4j.status.StatusLogger::isEnabled (39 bytes)
Event: 14.398 Thread 0x00007f673c0ce000 nmethod 2350 0x00007f672ccb9110 code [0x00007f672ccb92a0, 0x00007f672ccb9948]
Event: 14.398 Thread 0x00007f673c0ce000 2351       3       java.net.URLClassLoader$2::run (5 bytes)
Event: 14.398 Thread 0x00007f673c0ce000 nmethod 2351 0x00007f672ccb9b50 code [0x00007f672ccb9cc0, 0x00007f672ccb9f08]
Event: 14.398 Thread 0x00007f673c0ce000 2352       3       java.net.URLClassLoader$2::run (16 bytes)
Event: 14.398 Thread 0x00007f673c0ce000 nmethod 2352 0x00007f672ccba050 code [0x00007f672ccba1c0, 0x00007f672ccba388]
Event: 14.401 Thread 0x00007f673c0ce000 2353       3       java.util.HashMap::removeNode (291 bytes)
Event: 14.402 Thread 0x00007f673c0ce000 nmethod 2353 0x00007f672ccbaa90 code [0x00007f672ccbad00, 0x00007f672ccbc298]

GC Heap History (10 events):
Event: 0.859 GC heap before
{Heap before GC invocations=1 (full 0):
 PSYoungGen      total 56320K, used 48640K [0x0000000781d00000, 0x0000000785b80000, 0x00000007c0000000)
  eden space 48640K, 100% used [0x0000000781d00000,0x0000000784c80000,0x0000000784c80000)
  from space 7680K, 0% used [0x0000000785400000,0x0000000785400000,0x0000000785b80000)
  to   space 7680K, 0% used [0x0000000784c80000,0x0000000784c80000,0x0000000785400000)
 ParOldGen       total 128512K, used 0K [0x0000000705600000, 0x000000070d380000, 0x0000000781d00000)
  object space 128512K, 0% used [0x0000000705600000,0x0000000705600000,0x000000070d380000)
 Metaspace       used 12094K, capacity 12290K, committed 12672K, reserved 1060864K
  class space    used 1484K, capacity 1571K, committed 1664K, reserved 1048576K
Event: 0.873 GC heap after
Heap after GC invocations=1 (full 0):
 PSYoungGen      total 56320K, used 6320K [0x0000000781d00000, 0x0000000788b00000, 0x00000007c0000000)
  eden space 48640K, 0% used [0x0000000781d00000,0x0000000781d00000,0x0000000784c80000)
  from space 7680K, 82% used [0x0000000784c80000,0x00000007852ac078,0x0000000785400000)
  to   space 7680K, 0% used [0x0000000788380000,0x0000000788380000,0x0000000788b00000)
 ParOldGen       total 128512K, used 80K [0x0000000705600000, 0x000000070d380000, 0x0000000781d00000)
  object space 128512K, 0% used [0x0000000705600000,0x0000000705614010,0x000000070d380000)
 Metaspace       used 12094K, capacity 12290K, committed 12672K, reserved 1060864K
  class space    used 1484K, capacity 1571K, committed 1664K, reserved 1048576K
}
Event: 1.488 GC heap before
{Heap before GC invocations=2 (full 0):
 PSYoungGen      total 56320K, used 54960K [0x0000000781d00000, 0x0000000788b00000, 0x00000007c0000000)
  eden space 48640K, 100% used [0x0000000781d00000,0x0000000784c80000,0x0000000784c80000)
  from space 7680K, 82% used [0x0000000784c80000,0x00000007852ac078,0x0000000785400000)
  to   space 7680K, 0% used [0x0000000788380000,0x0000000788380000,0x0000000788b00000)
 ParOldGen       total 128512K, used 80K [0x0000000705600000, 0x000000070d380000, 0x0000000781d00000)
  object space 128512K, 0% used [0x0000000705600000,0x0000000705614010,0x000000070d380000)
 Metaspace       used 16988K, capacity 17236K, committed 17408K, reserved 1064960K
  class space    used 2194K, capacity 2296K, committed 2304K, reserved 1048576K
Event: 1.507 GC heap after
Heap after GC invocations=2 (full 0):
 PSYoungGen      total 104960K, used 6663K [0x0000000781d00000, 0x0000000788b00000, 0x00000007c0000000)
  eden space 97280K, 0% used [0x0000000781d00000,0x0000000781d00000,0x0000000787c00000)
  from space 7680K, 86% used [0x0000000788380000,0x0000000788a01f90,0x0000000788b00000)
  to   space 7680K, 0% used [0x0000000787c00000,0x0000000787c00000,0x0000000788380000)
 ParOldGen       total 128512K, used 88K [0x0000000705600000, 0x000000070d380000, 0x0000000781d00000)
  object space 128512K, 0% used [0x0000000705600000,0x0000000705616010,0x000000070d380000)
 Metaspace       used 16988K, capacity 17236K, committed 17408K, reserved 1064960K
  class space    used 2194K, capacity 2296K, committed 2304K, reserved 1048576K
}
Event: 2.061 GC heap before
{Heap before GC invocations=3 (full 0):
 PSYoungGen      total 104960K, used 65065K [0x0000000781d00000, 0x0000000788b00000, 0x00000007c0000000)
  eden space 97280K, 60% used [0x0000000781d00000,0x0000000785608738,0x0000000787c00000)
  from space 7680K, 86% used [0x0000000788380000,0x0000000788a01f90,0x0000000788b00000)
  to   space 7680K, 0% used [0x0000000787c00000,0x0000000787c00000,0x0000000788380000)
 ParOldGen       total 128512K, used 88K [0x0000000705600000, 0x000000070d380000, 0x0000000781d00000)
  object space 128512K, 0% used [0x0000000705600000,0x0000000705616010,0x000000070d380000)
 Metaspace       used 20851K, capacity 21126K, committed 21248K, reserved 1067008K
  class space    used 2698K, capacity 2803K, committed 2816K, reserved 1048576K
Event: 2.075 GC heap after
Heap after GC invocations=3 (full 0):
 PSYoungGen      total 104960K, used 7660K [0x0000000781d00000, 0x000000078ea00000, 0x00000007c0000000)
  eden space 97280K, 0% used [0x0000000781d00000,0x0000000781d00000,0x0000000787c00000)
  from space 7680K, 99% used [0x0000000787c00000,0x000000078837b340,0x0000000788380000)
  to   space 7680K, 0% used [0x000000078e280000,0x000000078e280000,0x000000078ea00000)
 ParOldGen       total 128512K, used 1674K [0x0000000705600000, 0x000000070d380000, 0x0000000781d00000)
  object space 128512K, 1% used [0x0000000705600000,0x00000007057a2a58,0x000000070d380000)
 Metaspace       used 20851K, capacity 21126K, committed 21248K, reserved 1067008K
  class space    used 2698K, capacity 2803K, committed 2816K, reserved 1048576K
}
Event: 2.075 GC heap before
{Heap before GC invocations=4 (full 1):
 PSYoungGen      total 104960K, used 7660K [0x0000000781d00000, 0x000000078ea00000, 0x00000007c0000000)
  eden space 97280K, 0% used [0x0000000781d00000,0x0000000781d00000,0x0000000787c00000)
  from space 7680K, 99% used [0x0000000787c00000,0x000000078837b340,0x0000000788380000)
  to   space 7680K, 0% used [0x000000078e280000,0x000000078e280000,0x000000078ea00000)
 ParOldGen       total 128512K, used 1674K [0x0000000705600000, 0x000000070d380000, 0x0000000781d00000)
  object space 128512K, 1% used [0x0000000705600000,0x00000007057a2a58,0x000000070d380000)
 Metaspace       used 20851K, capacity 21126K, committed 21248K, reserved 1067008K
  class space    used 2698K, capacity 2803K, committed 2816K, reserved 1048576K
Event: 2.122 GC heap after
Heap after GC invocations=4 (full 1):
 PSYoungGen      total 104960K, used 0K [0x0000000781d00000, 0x000000078ea00000, 0x00000007c0000000)
  eden space 97280K, 0% used [0x0000000781d00000,0x0000000781d00000,0x0000000787c00000)
  from space 7680K, 0% used [0x0000000787c00000,0x0000000787c00000,0x0000000788380000)
  to   space 7680K, 0% used [0x000000078e280000,0x000000078e280000,0x000000078ea00000)
 ParOldGen       total 83456K, used 8990K [0x0000000705600000, 0x000000070a780000, 0x0000000781d00000)
  object space 83456K, 10% used [0x0000000705600000,0x0000000705ec79c0,0x000000070a780000)
 Metaspace       used 20848K, capacity 21122K, committed 21248K, reserved 1067008K
  class space    used 2697K, capacity 2801K, committed 2816K, reserved 1048576K
}
Event: 4.520 GC heap before
{Heap before GC invocations=5 (full 1):
 PSYoungGen      total 104960K, used 97280K [0x0000000781d00000, 0x000000078ea00000, 0x00000007c0000000)
  eden space 97280K, 100% used [0x0000000781d00000,0x0000000787c00000,0x0000000787c00000)
  from space 7680K, 0% used [0x0000000787c00000,0x0000000787c00000,0x0000000788380000)
  to   space 7680K, 0% used [0x000000078e280000,0x000000078e280000,0x000000078ea00000)
 ParOldGen       total 83456K, used 8990K [0x0000000705600000, 0x000000070a780000, 0x0000000781d00000)
  object space 83456K, 10% used [0x0000000705600000,0x0000000705ec79c0,0x000000070a780000)
 Metaspace       used 30351K, capacity 30716K, committed 30976K, reserved 1077248K
  class space    used 3934K, capacity 4074K, committed 4096K, reserved 1048576K
Event: 4.537 GC heap after
Heap after GC invocations=5 (full 1):
 PSYoungGen      total 150016K, used 7676K [0x0000000781d00000, 0x000000078ea00000, 0x00000007c0000000)
  eden space 142336K, 0% used [0x0000000781d00000,0x0000000781d00000,0x000000078a800000)
  from space 7680K, 99% used [0x000000078e280000,0x000000078e9ff048,0x000000078ea00000)
  to   space 7680K, 0% used [0x000000078db00000,0x000000078db00000,0x000000078e280000)
 ParOldGen       total 83456K, used 12885K [0x0000000705600000, 0x000000070a780000, 0x0000000781d00000)
  object space 83456K, 15% used [0x0000000705600000,0x0000000706295430,0x000000070a780000)
 Metaspace       used 30351K, capacity 30716K, committed 30976K, reserved 1077248K
  class space    used 3934K, capacity 4074K, committed 4096K, reserved 1048576K
}

Deoptimization events (10 events):
Event: 2.417 Thread 0x00007f673c010800 Uncommon trap: reason=class_check action=maybe_recompile pc=0x00007f672cad8a2c method=java.util.regex.Pattern$Slice.match(Ljava/util/regex/Matcher;ILjava/lang/CharSequence;)Z @ 75
Event: 2.462 Thread 0x00007f673c010800 Uncommon trap: reason=class_check action=maybe_recompile pc=0x00007f672cad8a2c method=java.util.regex.Pattern$Slice.match(Ljava/util/regex/Matcher;ILjava/lang/CharSequence;)Z @ 75
Event: 2.462 Thread 0x00007f673c010800 Uncommon trap: reason=class_check action=maybe_recompile pc=0x00007f672cad8a2c method=java.util.regex.Pattern$Slice.match(Ljava/util/regex/Matcher;ILjava/lang/CharSequence;)Z @ 75
Event: 2.463 Thread 0x00007f673c010800 Uncommon trap: reason=class_check action=maybe_recompile pc=0x00007f672cad8a2c method=java.util.regex.Pattern$Slice.match(Ljava/util/regex/Matcher;ILjava/lang/CharSequence;)Z @ 75
Event: 2.468 Thread 0x00007f673c010800 Uncommon trap: reason=predicate action=maybe_recompile pc=0x00007f672cada6b0 method=java.util.regex.Pattern$Start.match(Ljava/util/regex/Matcher;ILjava/lang/CharSequence;)Z @ 37
Event: 2.762 Thread 0x00007f673c010800 Uncommon trap: reason=bimorphic action=maybe_recompile pc=0x00007f672cb489d8 method=java.util.regex.Pattern$Start.match(Ljava/util/regex/Matcher;ILjava/lang/CharSequence;)Z @ 44
Event: 2.769 Thread 0x00007f673c010800 Uncommon trap: reason=bimorphic action=maybe_recompile pc=0x00007f672cb489d8 method=java.util.regex.Pattern$Start.match(Ljava/util/regex/Matcher;ILjava/lang/CharSequence;)Z @ 44
Event: 2.769 Thread 0x00007f673c010800 Uncommon trap: reason=bimorphic action=maybe_recompile pc=0x00007f672cb489d8 method=java.util.regex.Pattern$Start.match(Ljava/util/regex/Matcher;ILjava/lang/CharSequence;)Z @ 44
Event: 2.771 Thread 0x00007f673c010800 Uncommon trap: reason=bimorphic action=maybe_recompile pc=0x00007f672cb489d8 method=java.util.regex.Pattern$Start.match(Ljava/util/regex/Matcher;ILjava/lang/CharSequence;)Z @ 44
Event: 3.184 Thread 0x00007f673c010800 Uncommon trap: reason=unstable_if action=reinterpret pc=0x00007f672cba347c method=sun.reflect.annotation.AnnotationInvocationHandler.invoke(Ljava/lang/Object;Ljava/lang/reflect/Method;[Ljava/lang/Object;)Ljava/lang/Object; @ 263

Internal exceptions (10 events):
Event: 1.611 Thread 0x00007f673c010800 Exception <a 'java/lang/NoSuchMethodError': java.lang.Object.lambda$static$34([Ljava/lang/Object;)Lorg/jboss/weld/exceptions/DeploymentException;> (0x0000000782394ad8) thrown at [/HUDSON/workspace/8-2-build-linux-amd64/jdk8u91/6644/hotspot/src/share/vm/in
Event: 1.611 Thread 0x00007f673c010800 Exception <a 'java/lang/NoSuchMethodError': java.lang.Object.lambda$static$35([Ljava/lang/Object;)Lorg/jboss/weld/exceptions/DeploymentException;> (0x0000000782397368) thrown at [/HUDSON/workspace/8-2-build-linux-amd64/jdk8u91/6644/hotspot/src/share/vm/in
Event: 1.611 Thread 0x00007f673c010800 Exception <a 'java/lang/NoSuchMethodError': java.lang.Object.lambda$static$36([Ljava/lang/Object;)Lorg/jboss/weld/exceptions/DeploymentException;> (0x0000000782399bf8) thrown at [/HUDSON/workspace/8-2-build-linux-amd64/jdk8u91/6644/hotspot/src/share/vm/in
Event: 1.611 Thread 0x00007f673c010800 Exception <a 'java/lang/NoSuchMethodError': java.lang.Object.lambda$static$37([Ljava/lang/Object;)V> (0x000000078239c4f0) thrown at [/HUDSON/workspace/8-2-build-linux-amd64/jdk8u91/6644/hotspot/src/share/vm/interpreter/linkResolver.cpp, line 582]
Event: 1.612 Thread 0x00007f673c010800 Exception <a 'java/lang/NoSuchMethodError': java.lang.Object.lambda$static$38([Ljava/lang/Object;)V> (0x00000007823ab8e8) thrown at [/HUDSON/workspace/8-2-build-linux-amd64/jdk8u91/6644/hotspot/src/share/vm/interpreter/linkResolver.cpp, line 582]
Event: 1.629 Thread 0x00007f66c0002800 Exception <a 'java/security/PrivilegedActionException'> (0x0000000782dd4218) thrown at [/HUDSON/workspace/8-2-build-linux-amd64/jdk8u91/6644/hotspot/src/share/vm/prims/jvm.cpp, line 1386]
Event: 1.629 Thread 0x00007f673cb01000 Exception <a 'java/security/PrivilegedActionException'> (0x0000000782d0e358) thrown at [/HUDSON/workspace/8-2-build-linux-amd64/jdk8u91/6644/hotspot/src/share/vm/prims/jvm.cpp, line 1386]
Event: 1.631 Thread 0x00007f66c0001000 Exception <a 'java/security/PrivilegedActionException'> (0x0000000783245540) thrown at [/HUDSON/workspace/8-2-build-linux-amd64/jdk8u91/6644/hotspot/src/share/vm/prims/jvm.cpp, line 1386]
Event: 1.688 Thread 0x00007f66c0002800 Exception <a 'java/security/PrivilegedActionException'> (0x00000007838573b8) thrown at [/HUDSON/workspace/8-2-build-linux-amd64/jdk8u91/6644/hotspot/src/share/vm/prims/jvm.cpp, line 1386]
Event: 2.687 Thread 0x00007f673c010800 Exception <a 'java/io/FileNotFoundException'> (0x00000007848915a0) thrown at [/HUDSON/workspace/8-2-build-linux-amd64/jdk8u91/6644/hotspot/src/share/vm/prims/jni.cpp, line 709]

Events (10 events):
Event: 14.401 Thread 0x00007f673d293000 Thread exited: 0x00007f673d293000
Event: 14.402 Thread 0x00007f673d28f000 Thread exited: 0x00007f673d28f000
Event: 14.402 Thread 0x00007f673d29b000 Thread exited: 0x00007f673d29b000
Event: 14.402 Thread 0x00007f673d2a1800 Thread exited: 0x00007f673d2a1800
Event: 14.402 Thread 0x00007f673d29e000 Thread exited: 0x00007f673d29e000
Event: 14.402 Thread 0x00007f673d2a3800 Thread exited: 0x00007f673d2a3800
Event: 14.402 Thread 0x00007f673d29c800 Thread exited: 0x00007f673d29c800
Event: 14.402 Thread 0x00007f673d2a0000 Thread exited: 0x00007f673d2a0000
Event: 14.402 Thread 0x00007f673d264000 Thread exited: 0x00007f673d264000
Event: 14.402 Thread 0x00007f673d2ae800 Thread exited: 0x00007f673d2ae800


Dynamic libraries:
00400000-00401000 r-xp 00000000 08:07 809803                             /opt/jdk/bin/java
00600000-00601000 rw-p 00000000 08:07 809803                             /opt/jdk/bin/java
01aa4000-01ac5000 rw-p 00000000 00:00 0                                  [heap]
705600000-70a780000 rw-p 00000000 00:00 0 
70a780000-781d00000 ---p 00000000 00:00 0 
781d00000-78ea00000 rw-p 00000000 00:00 0 
78ea00000-7c0000000 ---p 00000000 00:00 0 
7c0000000-7c0420000 rw-p 00000000 00:00 0 
7c0420000-800000000 ---p 00000000 00:00 0 
7f6634000000-7f6634021000 rw-p 00000000 00:00 0 
7f6634021000-7f6638000000 ---p 00000000 00:00 0 
7f663c000000-7f663c021000 rw-p 00000000 00:00 0 
7f663c021000-7f6640000000 ---p 00000000 00:00 0 
7f6640000000-7f6640021000 rw-p 00000000 00:00 0 
7f6640021000-7f6644000000 ---p 00000000 00:00 0 
7f6644000000-7f6644021000 rw-p 00000000 00:00 0 
7f6644021000-7f6648000000 ---p 00000000 00:00 0 
7f6648000000-7f6648021000 rw-p 00000000 00:00 0 
7f6648021000-7f664c000000 ---p 00000000 00:00 0 
7f664c000000-7f664c021000 rw-p 00000000 00:00 0 
7f664c021000-7f6650000000 ---p 00000000 00:00 0 
7f6650000000-7f6650021000 rw-p 00000000 00:00 0 
7f6650021000-7f6654000000 ---p 00000000 00:00 0 
7f6654000000-7f6654021000 rw-p 00000000 00:00 0 
7f6654021000-7f6658000000 ---p 00000000 00:00 0 
7f6658000000-7f6658021000 rw-p 00000000 00:00 0 
7f6658021000-7f665c000000 ---p 00000000 00:00 0 
7f665c000000-7f665c021000 rw-p 00000000 00:00 0 
7f665c021000-7f6660000000 ---p 00000000 00:00 0 
7f6660000000-7f6660021000 rw-p 00000000 00:00 0 
7f6660021000-7f6664000000 ---p 00000000 00:00 0 
7f6664000000-7f6664021000 rw-p 00000000 00:00 0 
7f6664021000-7f6668000000 ---p 00000000 00:00 0 
7f6668000000-7f6668021000 rw-p 00000000 00:00 0 
7f6668021000-7f666c000000 ---p 00000000 00:00 0 
7f666c000000-7f666c021000 rw-p 00000000 00:00 0 
7f666c021000-7f6670000000 ---p 00000000 00:00 0 
7f6670000000-7f6670021000 rw-p 00000000 00:00 0 
7f6670021000-7f6674000000 ---p 00000000 00:00 0 
7f6674000000-7f6674021000 rw-p 00000000 00:00 0 
7f6674021000-7f6678000000 ---p 00000000 00:00 0 
7f6678000000-7f6678021000 rw-p 00000000 00:00 0 
7f6678021000-7f667c000000 ---p 00000000 00:00 0 
7f667c000000-7f667c021000 rw-p 00000000 00:00 0 
7f667c021000-7f6680000000 ---p 00000000 00:00 0 
7f6680000000-7f6680021000 rw-p 00000000 00:00 0 
7f6680021000-7f6684000000 ---p 00000000 00:00 0 
7f6684000000-7f6684021000 rw-p 00000000 00:00 0 
7f6684021000-7f6688000000 ---p 00000000 00:00 0 
7f6688000000-7f6688021000 rw-p 00000000 00:00 0 
7f6688021000-7f668c000000 ---p 00000000 00:00 0 
7f668c000000-7f668c021000 rw-p 00000000 00:00 0 
7f668c021000-7f6690000000 ---p 00000000 00:00 0 
7f6690000000-7f6690021000 rw-p 00000000 00:00 0 
7f6690021000-7f6694000000 ---p 00000000 00:00 0 
7f6694000000-7f6694021000 rw-p 00000000 00:00 0 
7f6694021000-7f6698000000 ---p 00000000 00:00 0 
7f6698000000-7f6698021000 rw-p 00000000 00:00 0 
7f6698021000-7f669c000000 ---p 00000000 00:00 0 
7f669c000000-7f669c021000 rw-p 00000000 00:00 0 
7f669c021000-7f66a0000000 ---p 00000000 00:00 0 
7f66a0000000-7f66a0021000 rw-p 00000000 00:00 0 
7f66a0021000-7f66a4000000 ---p 00000000 00:00 0 
7f66a4000000-7f66a4021000 rw-p 00000000 00:00 0 
7f66a4021000-7f66a8000000 ---p 00000000 00:00 0 
7f66a8000000-7f66a8021000 rw-p 00000000 00:00 0 
7f66a8021000-7f66ac000000 ---p 00000000 00:00 0 
7f66ac000000-7f66ac035000 rw-p 00000000 00:00 0 
7f66ac035000-7f66b0000000 ---p 00000000 00:00 0 
7f66b0000000-7f66b0021000 rw-p 00000000 00:00 0 
7f66b0021000-7f66b4000000 ---p 00000000 00:00 0 
7f66b4000000-7f66b4021000 rw-p 00000000 00:00 0 
7f66b4021000-7f66b8000000 ---p 00000000 00:00 0 
7f66b8000000-7f66b802c000 rw-p 00000000 00:00 0 
7f66b802c000-7f66bc000000 ---p 00000000 00:00 0 
7f66bc000000-7f66bc021000 rw-p 00000000 00:00 0 
7f66bc021000-7f66c0000000 ---p 00000000 00:00 0 
7f66c0000000-7f66c0024000 rw-p 00000000 00:00 0 
7f66c0024000-7f66c4000000 ---p 00000000 00:00 0 
7f66c4000000-7f66c4036000 rw-p 00000000 00:00 0 
7f66c4036000-7f66c8000000 ---p 00000000 00:00 0 
7f66c8000000-7f66c833c000 rw-p 00000000 00:00 0 
7f66c833c000-7f66cc000000 ---p 00000000 00:00 0 
7f66cc000000-7f66cc021000 rw-p 00000000 00:00 0 
7f66cc021000-7f66d0000000 ---p 00000000 00:00 0 
7f66d0000000-7f66d0021000 rw-p 00000000 00:00 0 
7f66d0021000-7f66d4000000 ---p 00000000 00:00 0 
7f66d4000000-7f66d476d000 rw-p 00000000 00:00 0 
7f66d476d000-7f66d8000000 ---p 00000000 00:00 0 
7f66d8000000-7f66d886e000 rw-p 00000000 00:00 0 
7f66d886e000-7f66dc000000 ---p 00000000 00:00 0 
7f66dc000000-7f66dd232000 rw-p 00000000 00:00 0 
7f66dd232000-7f66e0000000 ---p 00000000 00:00 0 
7f66e0000000-7f66e122e000 rw-p 00000000 00:00 0 
7f66e122e000-7f66e4000000 ---p 00000000 00:00 0 
7f66e4000000-7f66e4021000 rw-p 00000000 00:00 0 
7f66e4021000-7f66e8000000 ---p 00000000 00:00 0 
7f66e8000000-7f66e8021000 rw-p 00000000 00:00 0 
7f66e8021000-7f66ec000000 ---p 00000000 00:00 0 
7f66ec000000-7f66ec021000 rw-p 00000000 00:00 0 
7f66ec021000-7f66f0000000 ---p 00000000 00:00 0 
7f66f22b0000-7f66f8000000 rw-p 00000000 00:00 0 
7f66f8000000-7f66f8021000 rw-p 00000000 00:00 0 
7f66f8021000-7f66fc000000 ---p 00000000 00:00 0 
7f66fc000000-7f66fc021000 rw-p 00000000 00:00 0 
7f66fc021000-7f6700000000 ---p 00000000 00:00 0 
7f6700000000-7f6700021000 rw-p 00000000 00:00 0 
7f6700021000-7f6704000000 ---p 00000000 00:00 0 
7f6708000000-7f6708021000 rw-p 00000000 00:00 0 
7f6708021000-7f670c000000 ---p 00000000 00:00 0 
7f670f2f3000-7f670f2f6000 ---p 00000000 00:00 0 
7f670f2f6000-7f670f3f4000 rw-p 00000000 00:00 0 
7f670f3f4000-7f670f3f7000 ---p 00000000 00:00 0 
7f670f3f7000-7f670f4f5000 rw-p 00000000 00:00 0 
7f670f4f5000-7f670f4f8000 ---p 00000000 00:00 0 
7f670f4f8000-7f670f5f6000 rw-p 00000000 00:00 0 
7f670f5f6000-7f670f5f9000 ---p 00000000 00:00 0 
7f670f5f9000-7f670f6f7000 rw-p 00000000 00:00 0 
7f670f6f7000-7f670f6fa000 ---p 00000000 00:00 0 
7f670f6fa000-7f670f7f8000 rw-p 00000000 00:00 0 
7f670f7f8000-7f670f7fb000 ---p 00000000 00:00 0 
7f670f7fb000-7f670f8f9000 rw-p 00000000 00:00 0 
7f670f8f9000-7f670f8fc000 ---p 00000000 00:00 0 
7f670f8fc000-7f670f9fa000 rw-p 00000000 00:00 0 
7f670f9fa000-7f670f9fd000 ---p 00000000 00:00 0 
7f670f9fd000-7f670fafb000 rw-p 00000000 00:00 0 
7f670fafb000-7f670fafe000 ---p 00000000 00:00 0 
7f670fafe000-7f670fbfc000 rw-p 00000000 00:00 0 
7f670fbfc000-7f670fbff000 ---p 00000000 00:00 0 
7f670fbff000-7f670fcfd000 rw-p 00000000 00:00 0 
7f670fcfd000-7f670fd00000 ---p 00000000 00:00 0 
7f670fd00000-7f670fdfe000 rw-p 00000000 00:00 0 
7f670fdfe000-7f670fe01000 ---p 00000000 00:00 0 
7f670fe01000-7f670feff000 rw-p 00000000 00:00 0 
7f670feff000-7f670ff02000 ---p 00000000 00:00 0 
7f670ff02000-7f6710000000 rw-p 00000000 00:00 0 
7f6710000000-7f6710021000 rw-p 00000000 00:00 0 
7f6710021000-7f6714000000 ---p 00000000 00:00 0 
7f671405c000-7f671405f000 ---p 00000000 00:00 0 
7f671405f000-7f671415d000 rw-p 00000000 00:00 0 
7f671415d000-7f6714160000 ---p 00000000 00:00 0 
7f6714160000-7f671425e000 rw-p 00000000 00:00 0 
7f671425e000-7f6714261000 ---p 00000000 00:00 0 
7f6714261000-7f671435f000 rw-p 00000000 00:00 0 
7f671435f000-7f6714362000 ---p 00000000 00:00 0 
7f6714362000-7f6714460000 rw-p 00000000 00:00 0 
7f6714460000-7f6714463000 ---p 00000000 00:00 0 
7f6714463000-7f6714561000 rw-p 00000000 00:00 0 
7f6714561000-7f6714564000 ---p 00000000 00:00 0 
7f6714564000-7f6714662000 rw-p 00000000 00:00 0 
7f6714662000-7f6714665000 ---p 00000000 00:00 0 
7f6714665000-7f6714763000 rw-p 00000000 00:00 0 
7f6714763000-7f6714766000 ---p 00000000 00:00 0 
7f6714766000-7f6714864000 rw-p 00000000 00:00 0 
7f6714864000-7f6714867000 ---p 00000000 00:00 0 
7f6714867000-7f6714b65000 rw-p 00000000 00:00 0 
7f6714bba000-7f6714c3a000 rw-p 00000000 00:00 0 
7f6714c3a000-7f6714dba000 ---p 00000000 00:00 0 
7f6714dba000-7f6714fba000 rw-p 00000000 00:00 0 
7f6714fba000-7f6714fc4000 r--s 00116000 08:07 811412                     /opt/jdk/jre/lib/ext/localedata.jar
7f6714fc4000-7f6714fe0000 r--s 00393000 08:07 811405                     /opt/jdk/jre/lib/ext/cldrdata.jar
7f6714fe0000-7f67151e0000 rw-p 00000000 00:00 0 
7f67151e0000-7f67153e0000 rw-p 00000000 00:00 0 
7f67153e0000-7f67155e0000 rw-p 00000000 00:00 0 
7f67155e0000-7f67155e3000 ---p 00000000 00:00 0 
7f67155e3000-7f67156e1000 rw-p 00000000 00:00 0 
7f67156e1000-7f67156e4000 ---p 00000000 00:00 0 
7f67156e4000-7f67157e2000 rw-p 00000000 00:00 0 
7f67157e2000-7f67157e5000 ---p 00000000 00:00 0 
7f67157e5000-7f67158e3000 rw-p 00000000 00:00 0 
7f67158e3000-7f67158e6000 ---p 00000000 00:00 0 
7f67158e6000-7f67159e4000 rw-p 00000000 00:00 0 
7f67159e4000-7f67159e7000 ---p 00000000 00:00 0 
7f67159e7000-7f6715ae5000 rw-p 00000000 00:00 0 
7f6715ae5000-7f6715ae8000 ---p 00000000 00:00 0 
7f6715ae8000-7f6715be6000 rw-p 00000000 00:00 0 
7f6715be6000-7f6715be9000 ---p 00000000 00:00 0 
7f6715be9000-7f6715ce7000 rw-p 00000000 00:00 0 
7f6715ce7000-7f6715cea000 ---p 00000000 00:00 0 
7f6715cea000-7f6715de8000 rw-p 00000000 00:00 0 
7f6715de8000-7f6715deb000 ---p 00000000 00:00 0 
7f6715deb000-7f6715ee9000 rw-p 00000000 00:00 0 
7f6715ee9000-7f6715eec000 ---p 00000000 00:00 0 
7f6715eec000-7f6715fea000 rw-p 00000000 00:00 0 
7f6715fea000-7f6715fed000 ---p 00000000 00:00 0 
7f6715fed000-7f67160eb000 rw-p 00000000 00:00 0 
7f67160eb000-7f67160ee000 ---p 00000000 00:00 0 
7f67160ee000-7f67161ec000 rw-p 00000000 00:00 0 
7f67161ec000-7f67161ef000 ---p 00000000 00:00 0 
7f67161ef000-7f67162ed000 rw-p 00000000 00:00 0 
7f67162ed000-7f67162f0000 ---p 00000000 00:00 0 
7f67162f0000-7f67165ee000 rw-p 00000000 00:00 0 
7f67165ee000-7f67167ee000 rw-p 00000000 00:00 0 
7f67167ee000-7f67169ee000 rw-p 00000000 00:00 0 
7f67169ee000-7f67169ff000 r-xp 00000000 08:07 811558                     /opt/jdk/jre/lib/amd64/libnio.so
7f67169ff000-7f6716bfe000 ---p 00011000 08:07 811558                     /opt/jdk/jre/lib/amd64/libnio.so
7f6716bfe000-7f6716bff000 rw-p 00010000 08:07 811558                     /opt/jdk/jre/lib/amd64/libnio.so
7f6716bff000-7f6716dff000 rw-p 00000000 00:00 0 
7f6716dff000-7f6716e1a000 r--s 001d5000 08:07 811408                     /opt/jdk/jre/lib/ext/nashorn.jar
7f6716e1a000-7f6716e23000 r-xp 00000000 08:07 811563                     /opt/jdk/jre/lib/amd64/libmanagement.so
7f6716e23000-7f6717022000 ---p 00009000 08:07 811563                     /opt/jdk/jre/lib/amd64/libmanagement.so
7f6717022000-7f6717023000 rw-p 00008000 08:07 811563                     /opt/jdk/jre/lib/amd64/libmanagement.so
7f6717023000-7f6717039000 r-xp 00000000 08:07 811555                     /opt/jdk/jre/lib/amd64/libnet.so
7f6717039000-7f6717239000 ---p 00016000 08:07 811555                     /opt/jdk/jre/lib/amd64/libnet.so
7f6717239000-7f671723a000 rw-p 00016000 08:07 811555                     /opt/jdk/jre/lib/amd64/libnet.so
7f671723a000-7f671723d000 ---p 00000000 00:00 0 
7f671723d000-7f671733b000 rw-p 00000000 00:00 0 
7f671733b000-7f671733c000 r-xp 00000000 08:09 2760040                    /home/dewmal/applications/idea-IU-162.1121.32/bin/libbreakgen64.so
7f671733c000-7f671753b000 ---p 00001000 08:09 2760040                    /home/dewmal/applications/idea-IU-162.1121.32/bin/libbreakgen64.so
7f671753b000-7f671753c000 r--p 00000000 08:09 2760040                    /home/dewmal/applications/idea-IU-162.1121.32/bin/libbreakgen64.so
7f671753c000-7f671753d000 rw-p 00001000 08:09 2760040                    /home/dewmal/applications/idea-IU-162.1121.32/bin/libbreakgen64.so
7f671753d000-7f671753f000 r--s 0001e000 08:09 2760162                    /home/dewmal/applications/idea-IU-162.1121.32/lib/idea_rt.jar
7f671753f000-7f6717545000 r--s 00041000 08:09 1579042                    /home/dewmal/.gradle/caches/modules-2/files-2.1/org.glassfish.grizzly/grizzly-http-server/2.3.25/57ba5baba3643c27c89aa15fdf3f784de25f27f/grizzly-http-server-2.3.25.jar
7f6717545000-7f6717547000 r--s 00006000 08:09 14                         /home/dewmal/.gradle/caches/modules-2/files-2.1/org.slf4j/slf4j-api/1.7.7/2b8019b6249bb05d81d3a3094e468753e2b21311/slf4j-api-1.7.7.jar
7f6717547000-7f6717551000 r--s 000ae000 08:09 1837494                    /home/dewmal/.gradle/caches/modules-2/files-2.1/org.javassist/javassist/3.20.0-GA/a9cbcdfb7e9f86fbc74d3afae65f2248bfbf82a0/javassist-3.20.0-GA.jar
7f6717551000-7f6717553000 r--s 0000f000 08:09 3277841                    /home/dewmal/.gradle/caches/modules-2/files-2.1/org.jboss.logging/jboss-logging/3.2.1.Final/fedf11b3d4665a434b554a5891fe7f208f029f45/jboss-logging-3.2.1.Final.jar
7f6717553000-7f6717554000 r--s 00003000 08:09 3277839                    /home/dewmal/.gradle/caches/modules-2/files-2.1/org.jboss.spec.javax.interceptor/jboss-interceptors-api_1.2_spec/1.0.0.Final/53cf6e9ea22b712e2d2b108cdbef80def52d4f9d/jboss-interceptors-api_1.2_spec-1.0.0.Final.jar
7f6717554000-7f6717556000 r--s 00010000 08:09 3277837                    /home/dewmal/.gradle/caches/modules-2/files-2.1/org.jboss.spec.javax.el/jboss-el-api_3.0_spec/1.0.0.Alpha1/dac35e60bf8851e87698ff19b30dc3c678ca5436/jboss-el-api_3.0_spec-1.0.0.Alpha1.jar
7f6717556000-7f6717559000 r--s 00019000 08:09 3277835                    /home/dewmal/.gradle/caches/modules-2/files-2.1/org.jboss.classfilewriter/jboss-classfilewriter/1.1.2.Final/5d0c1465562e37a8ffdb59d0fd588b45c83b5af4/jboss-classfilewriter-1.1.2.Final.jar
7f6717559000-7f671755e000 r--s 00011000 08:09 3277833                    /home/dewmal/.gradle/caches/modules-2/files-2.1/org.jboss.weld/weld-spi/3.0.Alpha19/80c820a42fa62335396fbf39eb61d4ff7c4635a/weld-spi-3.0.Alpha19.jar
7f671755e000-7f6717560000 r--s 00005000 08:09 3277831                    /home/dewmal/.gradle/caches/modules-2/files-2.1/org.jboss.weld/weld-api/3.0.Alpha19/83661f50231846e32f097a63b2daff144e4eeee4/weld-api-3.0.Alpha19.jar
7f6717560000-7f671757d000 r--s 0015f000 08:09 3277829                    /home/dewmal/.gradle/caches/modules-2/files-2.1/org.jboss.weld/weld-core-impl/3.0.0.Alpha16/13f256113b8e9e5f2e980e088912767ff614e222/weld-core-impl-3.0.0.Alpha16.jar
7f671757d000-7f671757e000 r--s 00000000 08:09 2104276                    /home/dewmal/.gradle/caches/modules-2/files-2.1/javax.inject/javax.inject/1/6975da39a7040257bd51d21a231b76c915872d38/javax.inject-1.jar
7f671757e000-7f6717587000 r--s 0006b000 08:09 1580035                    /home/dewmal/.gradle/caches/modules-2/files-2.1/io.netty/netty-common/4.0.37.Final/1fb66d166358d78e9ac85419fabdf2b764ff27f3/netty-common-4.0.37.Final.jar
7f6717587000-7f6717588000 r--s 00003000 08:09 3278458                    /home/dewmal/.gradle/caches/modules-2/files-2.1/io.swagger/swagger-annotations/1.5.9/598403e3d21da08f8e46efb9f2b6d7b1bc0046d/swagger-annotations-1.5.9.jar
7f6717588000-7f6717598000 r--s 0007d000 08:09 3278456                    /home/dewmal/.gradle/caches/modules-2/files-2.1/joda-time/joda-time/2.2/a5f29a7acaddea3f4af307e8cf2d0cc82645fd7d/joda-time-2.2.jar
7f6717598000-7f671759a000 r--s 00002000 08:09 2492375                    /home/dewmal/.gradle/caches/modules-2/files-2.1/org.glassfish.hk2.external/aopalliance-repackaged/2.4.0-b34/3d5e856dbc91a3a2b0bcb3a3424f8b62421ae4cf/aopalliance-repackaged-2.4.0-b34.jar
7f671759a000-7f671759e000 r--s 0001a000 08:09 2492373                    /home/dewmal/.gradle/caches/modules-2/files-2.1/org.glassfish.hk2/hk2-utils/2.4.0-b34/aacce18411fffef9621d8fc91464ca0477119c38/hk2-utils-2.4.0-b34.jar
7f671759e000-7f67175a0000 r--s 00004000 08:09 2104477                    /home/dewmal/.gradle/caches/modules-2/files-2.1/org.glassfish.grizzly/grizzly-portunif/2.3.25/e306141b47ebb644cba2663defd7a4301dbd7ce4/grizzly-portunif-2.3.25.jar
7f67175a0000-7f67175a5000 r--s 0004a000 08:09 1580033                    /home/dewmal/.gradle/caches/modules-2/files-2.1/com.github.jnr/jnr-constants/0.9.0/6894684e17a84cd500836e82b5e6c674b4d4dda6/jnr-constants-0.9.0.jar
7f67175a5000-7f67175a8000 r--s 00033000 08:09 1580031                    /home/dewmal/.gradle/caches/modules-2/files-2.1/com.github.jnr/jnr-x86asm/1.0.2/6936bbd6c5b235665d87bd450f5e13b52d4b48/jnr-x86asm-1.0.2.jar
7f67175a8000-7f67175a9000 r--s 0000a000 08:09 3683569                    /home/dewmal/.gradle/caches/modules-2/files-2.1/org.ow2.asm/asm-util/5.0.3/1512e5571325854b05fb1efce1db75fcced54389/asm-util-5.0.3.jar
7f67175a9000-7f67175ab000 r--s 00006000 08:09 3548376                    /home/dewmal/.gradle/caches/modules-2/files-2.1/org.ow2.asm/asm-tree/5.0.3/287749b48ba7162fb67c93a026d690b29f410bed/asm-tree-5.0.3.jar
7f67175ab000-7f67175ac000 r--s 00004000 08:09 526382                     /home/dewmal/.gradle/caches/modules-2/files-2.1/org.ow2.asm/asm-analysis/5.0.3/c7126aded0e8e13fed5f913559a0dd7b770a10f3/asm-analysis-5.0.3.jar
7f67175ac000-7f67175ae000 r--s 00009000 08:09 526315                     /home/dewmal/.gradle/caches/modules-2/files-2.1/org.ow2.asm/asm-commons/5.0.3/a7111830132c7f87d08fe48cb0ca07630f8cb91c/asm-commons-5.0.3.jar
7f67175ae000-7f67175af000 r--s 0000c000 08:09 526313                     /home/dewmal/.gradle/caches/modules-2/files-2.1/org.ow2.asm/asm/5.0.3/dcc2193db20e19e1feca8b1240dbbc4e190824fa/asm-5.0.3.jar
7f67175af000-7f67175b1000 r--s 0006e000 08:09 1580029                    /home/dewmal/.gradle/caches/modules-2/files-2.1/com.github.jnr/jffi/1.2.10/7de1bb566847c2ed71d91ca063a8af604f250ade/jffi-1.2.10-native.jar
7f67175b1000-7f67175b5000 r--s 00021000 08:09 1580027                    /home/dewmal/.gradle/caches/modules-2/files-2.1/com.github.jnr/jffi/1.2.10/d58fdb2283456bc3f049bfbef40b592fa1aaa975/jffi-1.2.10.jar
7f67175b5000-7f67175b9000 r--s 00021000 08:09 1580025                    /home/dewmal/.gradle/caches/modules-2/files-2.1/io.netty/netty-codec/4.0.37.Final/fbc8d248adc1ef17847817b67b8050b14e95b7e2/netty-codec-4.0.37.Final.jar
7f67175b9000-7f67175c1000 r--s 00052000 08:09 1580023                    /home/dewmal/.gradle/caches/modules-2/files-2.1/io.netty/netty-transport/4.0.37.Final/4ac573ff1fc7a99fc4a8fa8cab56cf6ab3bb008c/netty-transport-4.0.37.Final.jar
7f67175c1000-7f67175c4000 r--s 00033000 08:09 1580021                    /home/dewmal/.gradle/caches/modules-2/files-2.1/io.netty/netty-buffer/4.0.37.Final/35be4e226aaa048ebff0a10548242e5007a94196/netty-buffer-4.0.37.Final.jar
7f67175c4000-7f67175c5000 r--s 00006000 08:09 3278454                    /home/dewmal/.gradle/caches/modules-2/files-2.1/com.fasterxml.jackson.jaxrs/jackson-jaxrs-base/2.4.5/b5a04c9664913552b75820834e945424e32b244f/jackson-jaxrs-base-2.4.5.jar
7f67175c5000-7f67175c8000 r--s 0001f000 08:09 3278452                    /home/dewmal/.gradle/caches/modules-2/files-2.1/io.swagger/swagger-models/1.5.9/7cc6e2b63619d826f9da4203630ab7add866a473/swagger-models-1.5.9.jar
7f67175c8000-7f67175ca000 r--s 0000c000 08:09 3278450                    /home/dewmal/.gradle/caches/modules-2/files-2.1/com.fasterxml.jackson.datatype/jackson-datatype-joda/2.4.5/830f7e1a9d69674900d1fa066d6ba27112ec6ca9/jackson-datatype-joda-2.4.5.jar
7f67175ca000-7f67175d1000 r--s 00058000 08:09 1838494                    /home/dewmal/.gradle/caches/modules-2/files-2.1/org.apache.commons/commons-lang3/3.2.1/66f13681add50ca9e4546ffabafaaac7645db3cf/commons-lang3-3.2.1.jar
7f67175d1000-7f67175d5000 r--s 00024000 08:09 3278446                    /home/dewmal/.gradle/caches/modules-2/files-2.1/org.codehaus.woodstox/stax2-api/3.1.4/ac19014b1e6a7c08aad07fe114af792676b685b7/stax2-api-3.1.4.jar
7f67175d5000-7f67175d6000 r--s 00007000 08:09 3278444                    /home/dewmal/.gradle/caches/modules-2/files-2.1/com.fasterxml.jackson.module/jackson-module-jaxb-annotations/2.4.5/af5432247be7a0248a03b900687bb9a74a68ccfa/jackson-module-jaxb-annotations-2.4.5.jar
7f67175d6000-7f67175dd000 r--s 0003c000 08:09 3278440                    /home/dewmal/.gradle/caches/modules-2/files-2.1/org.yaml/snakeyaml/1.12/ebe66a6b88caab31d7a19571ad23656377523545/snakeyaml-1.12.jar
7f67175dd000-7f67175e1000 r--s 0000c000 08:09 3277022                    /home/dewmal/.gradle/caches/modules-2/files-2.1/javax.validation/validation-api/1.1.0.Final/8613ae82954779d518631e05daa73a6a954817d5/validation-api-1.1.0.Final.jar
7f67175e1000-7f67175e3000 r--s 00010000 08:09 2492371                    /home/dewmal/.gradle/caches/modules-2/files-2.1/org.glassfish.jersey.media/jersey-media-jaxb/2.23.1/81d5b5981e77276231f3362d112048c31016533/jersey-media-jaxb-2.23.1.jar
7f67175e3000-7f67175e8000 r--s 00025000 08:09 2492369                    /home/dewmal/.gradle/caches/modules-2/files-2.1/org.glassfish.jersey.core/jersey-client/2.23.1/c985d8c0ea1e704dcb2645f3de86d64b5d4902ab/jersey-client-2.23.1.jar
7f67175e8000-7f67175e9000 r--s 00004000 08:09 2492367                    /home/dewmal/.gradle/caches/modules-2/files-2.1/org.glassfish.hk2/osgi-resource-locator/1.0.1/4ed2b2d4738aed5786cfa64cba5a332779c4c708/osgi-resource-locator-1.0.1.jar
7f67175e9000-7f67175ed000 r--s 00029000 08:09 2492365                    /home/dewmal/.gradle/caches/modules-2/files-2.1/org.glassfish.hk2/hk2-locator/2.4.0-b34/1451fc3e5b7f00d7a5ca0feaff2c1bf68be5ac91/hk2-locator-2.4.0-b34.jar
7f67175ed000-7f67175f2000 r--s 00027000 08:09 2492363                    /home/dewmal/.gradle/caches/modules-2/files-2.1/org.glassfish.hk2/hk2-api/2.4.0-b34/1017432e219dbd1d4a1121b2d7e87c5b2f0bcfb9/hk2-api-2.4.0-b34.jar
7f67175f2000-7f671760a000 r--s 000d6000 08:09 2492361                    /home/dewmal/.gradle/caches/modules-2/files-2.1/org.glassfish.jersey.bundles.repackaged/jersey-guava/2.23.1/4596e4b19ea1a3249d86ea2d01f71c64d2d943f1/jersey-guava-2.23.1.jar
7f671760a000-7f671760c000 r--s 00005000 08:09 2492359                    /home/dewmal/.gradle/caches/modules-2/files-2.1/javax.annotation/javax.annotation-api/1.2/479c1e06db31c432330183f5cae684163f186146/javax.annotation-api-1.2.jar
7f671760c000-7f6717611000 r--s 0004e000 08:09 1579044                    /home/dewmal/.gradle/caches/modules-2/files-2.1/org.glassfish.grizzly/grizzly-http/2.3.25/3f2a3756d9382930304e35a2575088eba8cb9ca2/grizzly-http-2.3.25.jar
7f6717611000-7f6717622000 r--s 000cb000 08:09 1579046                    /home/dewmal/.gradle/caches/modules-2/files-2.1/org.glassfish.grizzly/grizzly-framework/2.3.25/fb2ca754df8d4522d3945dbb180478f8f4682ad8/grizzly-framework-2.3.25.jar
7f6717622000-7f6717623000 r--s 00006000 08:09 2104475                    /home/dewmal/.gradle/caches/modules-2/files-2.1/org.glassfish.grizzly/grizzly-http-server-multipart/2.3.25/6130d02a6cf38af1516b75b0d32944e5fe7bf61d/grizzly-http-server-multipart-2.3.25.jar
7f6717623000-7f6717624000 r--s 00000000 08:09 2104473                    /home/dewmal/.gradle/caches/modules-2/files-2.1/org.glassfish.grizzly/grizzly-npn-api/1.1/878cefd45e7053f4c06c2897b78555376a3e13c2/grizzly-npn-api-1.1.jar
7f6717624000-7f6717628000 r--s 0002a000 08:09 2104471                    /home/dewmal/.gradle/caches/modules-2/files-2.1/org.glassfish.grizzly/grizzly-spdy/2.3.25/bbaf3898d7e27ad65f903e08b8b8eddddfb63c8/grizzly-spdy-2.3.25.jar
7f6717628000-7f6717629000 r--s 00006000 08:09 2104469                    /home/dewmal/.gradle/caches/modules-2/files-2.1/org.glassfish.grizzly/grizzly-http-ajp/2.3.25/81904d73390b560c0451bd15519114a9813ed251/grizzly-http-ajp-2.3.25.jar
7f6717629000-7f671763a000 r--s 000cf000 08:09 2104467                    /home/dewmal/.gradle/caches/modules-2/files-2.1/org.glassfish.grizzly/grizzly-core/2.3.25/d2787fe58c500f936d747055bd5717b3503bcf44/grizzly-core-2.3.25.jar
7f671763a000-7f6717643000 r--s 0006f000 08:09 87                         /home/dewmal/.gradle/caches/modules-2/files-2.1/log4j/log4j/1.2.17/5af35056b4d257e4b64b9e8069c0746e8b08629f/log4j-1.2.17.jar
7f6717643000-7f6717648000 r--s 00031000 08:09 1580019                    /home/dewmal/.gradle/caches/modules-2/files-2.1/com.github.jnr/jnr-posix/3.0.27/f7441d13187d93d59656ac8f800cba3043935b59/jnr-posix-3.0.27.jar
7f6717648000-7f6717658000 r--s 00091000 08:09 1580017                    /home/dewmal/.gradle/caches/modules-2/files-2.1/com.github.jnr/jnr-ffi/2.0.7/f0968c5bb5a283ebda2df3604c2c1129d45196e3/jnr-ffi-2.0.7.jar
7f6717658000-7f671765c000 r--s 00018000 08:09 1580015                    /home/dewmal/.gradle/caches/modules-2/files-2.1/io.dropwizard.metrics/metrics-core/3.1.2/224f03afd2521c6c94632f566beb1bb5ee32cf07/metrics-core-3.1.2.jar
7f671765c000-7f6717662000 r--s 0003e000 08:09 1580013                    /home/dewmal/.gradle/caches/modules-2/files-2.1/io.netty/netty-handler/4.0.37.Final/7fd9da26ef4031fa09e4436c7efd08d2bcbe1a06/netty-handler-4.0.37.Final.jar
7f6717662000-7f6717665000 r--s 0000b000 08:09 657325                     /home/dewmal/.gradle/caches/modules-2/files-2.1/com.fasterxml.jackson.core/jackson-annotations/2.8.0/45b426f7796b741035581a176744d91090e2e6fb/jackson-annotations-2.8.0.jar
7f6717665000-7f6717668000 r--s 00026000 08:09 657200                     /home/dewmal/.gradle/caches/modules-2/files-2.1/org.unbescape/unbescape/1.1.3.RELEASE/7bc2ae80017a41a3b18706a249e8342fbbffa469/unbescape-1.1.3.RELEASE.jar
7f6717668000-7f671766d000 r--s 00034000 08:09 1712958                    /home/dewmal/.gradle/caches/modules-2/files-2.1/org.attoparser/attoparser/2.0.0.RELEASE/c139ec3be4169da28ca1007689db2d6a4abe6b34/attoparser-2.0.0.RELEASE.jar
7f671766d000-7f6717671000 r--s 00035000 08:09 657198                     /home/dewmal/.gradle/caches/modules-2/files-2.1/ognl/ognl/3.1.3/7a5e5b532f0d20745d6559da4e8ea6d73f9dbbd7/ognl-3.1.3.jar
7f6717671000-7f6717673000 r--s 00016000 08:09 1712883                    /home/dewmal/.gradle/caches/modules-2/files-2.1/javax.servlet/servlet-api/2.4/3fc542fe8bb8164e8d3e840fe7403bc0518053c0/servlet-api-2.4.jar
7f6717673000-7f6717675000 r--s 00003000 08:09 3278436                    /home/dewmal/.gradle/caches/modules-2/files-2.1/com.fasterxml.jackson.jaxrs/jackson-jaxrs-json-provider/2.4.5/aefd5dd637402fd697c1e2b083535d153ffd66c0/jackson-jaxrs-json-provider-2.4.5.jar
7f6717675000-7f6717677000 r--s 0000a000 08:09 2233596                    /home/dewmal/.gradle/caches/modules-2/files-2.1/javax.ws.rs/jsr311-api/1.1.1/59033da2a1afd56af1ac576750a8d0b1830d59e6/jsr311-api-1.1.1.jar
7f6717677000-7f671767a000 r--s 00017000 08:09 3278434                    /home/dewmal/.gradle/caches/modules-2/files-2.1/io.swagger/swagger-core/1.5.9/17338eed33903397a508e92ff6f98de53f99350e/swagger-core-1.5.9.jar
7f671767a000-7f671767d000 r--s 00014000 08:09 3278432                    /home/dewmal/.gradle/caches/modules-2/files-2.1/com.fasterxml.jackson.dataformat/jackson-dataformat-xml/2.4.5/535f27c7e322abc54c9758b50df1594f31ee6524/jackson-dataformat-xml-2.4.5.jar
7f671767d000-7f6717686000 r--s 00046000 08:09 3278430                    /home/dewmal/.gradle/caches/modules-2/files-2.1/com.fasterxml.jackson.dataformat/jackson-dataformat-yaml/2.4.5/918e84a84ee0b202bb74bab590119b01bbea9830/jackson-dataformat-yaml-2.4.5.jar
7f6717686000-7f671768a000 r--s 0000f000 08:09 3278239                    /home/dewmal/.gradle/caches/modules-2/files-2.1/com.google.code.findbugs/annotations/2.0.1/9ef6656259841cebfb9fb0697bb122ada4485498/annotations-2.0.1.jar
7f671768a000-7f67176b5000 r--s 001fc000 08:09 3278234                    /home/dewmal/.gradle/caches/modules-2/files-2.1/com.google.guava/guava/18.0/cce0823396aa693798f8882e64213b1772032b09/guava-18.0.jar
7f67176b5000-7f67176b7000 r--s 0000b000 08:09 3277903                    /home/dewmal/.gradle/caches/modules-2/files-2.1/org.glassfish.jersey.ext.cdi/jersey-cdi1x/2.23.1/661bf7dccb9221ea68ad758c5c1737c71017599d/jersey-cdi1x-2.23.1.jar
7f67176b7000-7f67176b8000 r--s 00004000 08:09 3277827                    /home/dewmal/.gradle/caches/modules-2/files-2.1/org.jboss.spec.javax.annotation/jboss-annotations-api_1.2_spec/1.0.0.Final/6d7ff02a645227876ed550900d32d618b8f0d556/jboss-annotations-api_1.2_spec-1.0.0.Final.jar
7f67176b8000-7f67176bc000 r--s 00013000 08:09 3277825                    /home/dewmal/.gradle/caches/modules-2/files-2.1/javax.enterprise/cdi-api/2.0.Alpha4/4d702ab6a7ed6128e72418fadf2ad7acda547d78/cdi-api-2.0.Alpha4.jar
7f67176bc000-7f67176bf000 r--s 000b6000 08:09 3277823                    /home/dewmal/.gradle/caches/modules-2/files-2.1/org.jboss.weld.probe/weld-probe-core/3.0.0.Alpha16/a5d34d24c25c2ef5a20596ce75ddcf9509368cc2/weld-probe-core-3.0.0.Alpha16.jar
7f67176bf000-7f67176c2000 r--s 00011000 08:09 3016272                    /home/dewmal/.gradle/caches/modules-2/files-2.1/org.jboss.weld.environment/weld-environment-common/3.0.0.Alpha16/7c6749a9a534ae81d06e08953df380f8c6ac3b65/weld-environment-common-3.0.0.Alpha16.jar
7f67176c2000-7f67176c3000 r--s 00001000 08:09 2492357                    /home/dewmal/.gradle/caches/modules-2/files-2.1/org.glassfish.hk2.external/javax.inject/2.4.0-b34/a6a3d4935af7b03e44126b5aac2c2a0ce98fe6e9/javax.inject-2.4.0-b34.jar
7f67176c3000-7f67176c7000 r--s 00019000 08:09 2492355                    /home/dewmal/.gradle/caches/modules-2/files-2.1/javax.ws.rs/javax.ws.rs-api/2.0.1/104e9c2b5583cfcfeac0402316221648d6d8ea6b/javax.ws.rs-api-2.0.1.jar
7f67176c7000-7f67176dd000 r--s 000d3000 08:09 2492353                    /home/dewmal/.gradle/caches/modules-2/files-2.1/org.glassfish.jersey.core/jersey-server/2.23.1/df5ac2b99fb0c621db6b004d53d4a94cd62d643c/jersey-server-2.23.1.jar
7f67176dd000-7f67176ec000 r--s 000a0000 08:09 2492351                    /home/dewmal/.gradle/caches/modules-2/files-2.1/org.glassfish.jersey.core/jersey-common/2.23.1/c005266f2291703324c16e67eee654193ddc42b6/jersey-common-2.23.1.jar
7f67176ec000-7f67176ef000 r--s 0000e000 08:09 2492349                    /home/dewmal/.gradle/caches/modules-2/files-2.1/org.glassfish.jersey.containers/jersey-container-servlet-core/2.23.1/b1c4b97924386c482daa64357a1f8cc4809552b7/jersey-container-servlet-core-2.23.1.jar
7f67176ef000-7f67176f2000 r--s 00015000 08:09 1576540                    /home/dewmal/.gradle/caches/modules-2/files-2.1/javax.servlet/javax.servlet-api/3.1.0/3cd63d075497751784b2fa84be59432f4905bf7c/javax.servlet-api-3.1.0.jar
7f67176f2000-7f67176f6000 r--s 00018000 08:09 1971488                    /home/dewmal/.gradle/caches/modules-2/files-2.1/org.glassfish.grizzly/grizzly-websockets/2.3.25/ac0994fa766340a86835e9fae871a66a9e093ed6/grizzly-websockets-2.3.25.jar
7f67176f6000-7f67176f8000 r--s 00005000 08:09 1838442                    /home/dewmal/.gradle/caches/modules-2/files-2.1/org.glassfish.grizzly/grizzly-comet/2.3.25/636236c5c26fac7a2c398b58163de90493d295f4/grizzly-comet-2.3.25.jar
7f67176f8000-7f67176fc000 r--s 0002f000 08:09 1573976                    /home/dewmal/.gradle/caches/modules-2/files-2.1/org.glassfish.grizzly/grizzly-http-servlet/2.3.25/31a80c88b6f62686ac546898b9a46ba96da0c69a/grizzly-http-servlet-2.3.25.jar
7f67176fc000-7f6717719000 r--s 00193000 08:09 2104464                    /home/dewmal/.gradle/caches/modules-2/files-2.1/org.glassfish.grizzly/grizzly-http-server-core/2.3.25/2da445659fb43d883115b86f00b03358e4667213/grizzly-http-server-core-2.3.25.jar
7f6717719000-7f671771f000 r--s 00022000 08:09 1446179                    /home/dewmal/.gradle/caches/modules-2/files-2.1/org.eclipse.persistence/javax.persistence/2.1.1/4954fdf995d5083a1bdbf171ea3b240b88c85bac/javax.persistence-2.1.1.jar
7f671771f000-7f6717721000 r--s 00001000 08:09 85                         /home/dewmal/.gradle/caches/modules-2/files-2.1/org.slf4j/slf4j-log4j12/1.7.5/6edffc576ce104ec769d954618764f39f0f0f10d/slf4j-log4j12-1.7.5.jar
7f6717721000-7f6717723000 r--s 0000d000 08:09 1580079                    /home/dewmal/.gradle/caches/modules-2/files-2.1/com.datastax.cassandra/cassandra-driver-extras/3.1.0/c7aa8eede9d8386d00cf7d08735a13e8eacfb43f/cassandra-driver-extras-3.1.0.jar
7f6717723000-7f6717726000 r--s 00013000 08:09 1580077                    /home/dewmal/.gradle/caches/modules-2/files-2.1/com.datastax.cassandra/cassandra-driver-mapping/3.1.0/996a3a1dc7008e591b707d579e91ec7dcd07f60/cassandra-driver-mapping-3.1.0.jar
7f6717726000-7f6717739000 r--s 000ec000 08:09 1580011                    /home/dewmal/.gradle/caches/modules-2/files-2.1/com.datastax.cassandra/cassandra-driver-core/3.1.0/477cc9c22aba77ff8f88c4e06ac43a23182ff1eb/cassandra-driver-core-3.1.0.jar
7f6717739000-7f671774b000 r--s 0011b000 08:09 657323                     /home/dewmal/.gradle/caches/modules-2/files-2.1/com.fasterxml.jackson.core/jackson-databind/2.8.1/c04eb2cc599cd1742889bfa7cc41878db0d152f5/jackson-databind-2.8.1.jar
7f671774b000-7f671774f000 r--s 00041000 08:09 657283                     /home/dewmal/.gradle/caches/modules-2/files-2.1/com.fasterxml.jackson.core/jackson-core/2.8.1/fd13b1c033741d48291315c6370f7d475a42dccf/jackson-core-2.8.1.jar
7f671774f000-7f671775e000 r--s 000c0000 08:09 657196                     /home/dewmal/.gradle/caches/modules-2/files-2.1/org.thymeleaf/thymeleaf/3.0.1.RELEASE/21a8d9d296aaf622a72fed3bd7b0f625ba5c3836/thymeleaf-3.0.1.RELEASE.jar
7f671775e000-7f6717760000 r--s 00009000 08:09 3553882                    /home/dewmal/.gradle/caches/modules-2/files-2.1/org.glassfish.jersey.ext/jersey-mvc/2.23.1/87536f520443ccb94c45abac436694a28a8b3193/jersey-mvc-2.23.1.jar
7f6717760000-7f6717762000 r--s 0000e000 08:09 3278428                    /home/dewmal/.gradle/caches/modules-2/files-2.1/io.swagger/swagger-jaxrs/1.5.9/8963cb24f7c1bdc76604919b30cd6ae7d5f660d3/swagger-jaxrs-1.5.9.jar
7f6717762000-7f6717765000 r--s 0001d000 08:09 3278232                    /home/dewmal/.gradle/caches/modules-2/files-2.1/org.reflections/reflections/0.9.10/c7f4ea230aedc757ca1499ebcfb2953c81cf8b67/reflections-0.9.10.jar
7f6717765000-7f671777e000 r--s 0010b000 08:09 3278527                    /home/dewmal/.gradle/caches/modules-2/files-2.1/org.apache.logging.log4j/log4j-core/2.6.2/a91369f655eb1639c6aece5c5eb5108db18306/log4j-core-2.6.2.jar
7f671777e000-7f6717782000 r--s 0002d000 08:09 2888216                    /home/dewmal/.gradle/caches/modules-2/files-2.1/org.apache.logging.log4j/log4j-api/2.6.2/bd1b74a5d170686362091c7cf596bbc3adf5c09b/log4j-api-2.6.2.jar
7f6717782000-7f6717784000 r--s 0000f000 08:09 2233576                    /home/dewmal/.gradle/caches/modules-2/files-2.1/org.jboss.weld.se/weld-se-core/3.0.0.Alpha16/6a130b85a4b056b5f4c149eee496034e8daff1f4/weld-se-core-3.0.0.Alpha16.jar
7f6717784000-7f6717786000 r--s 00005000 08:09 1971499                    /home/dewmal/.gradle/caches/modules-2/files-2.1/org.glassfish.jersey.containers/jersey-container-grizzly2-http/2.23.1/a08d779a13b9b91312f27d87ab952a0ae8f11ea5/jersey-container-grizzly2-http-2.23.1.jar
7f6717786000-7f6717788000 r--s 00003000 08:09 2492347                    /home/dewmal/.gradle/caches/modules-2/files-2.1/org.glassfish.jersey.containers/jersey-container-servlet/2.23.1/c32b1d25201b5cae22b640a977887d0075c7c796/jersey-container-servlet-2.23.1.jar
7f6717788000-7f67177ac000 r--s 001e2000 08:09 2104454                    /home/dewmal/.gradle/caches/modules-2/files-2.1/org.glassfish.grizzly/grizzly-http-all/2.3.25/7530cdcef0f3211e8e8815a957113a08a971873a/grizzly-http-all-2.3.25.jar
7f67177ac000-7f6717805000 r--s 004f0000 08:09 2623531                    /home/dewmal/.gradle/caches/modules-2/files-2.1/org.scala-lang/scala-library/2.11.1/e11da23da3eabab9f4777b9220e60d44c1aab6a/scala-library-2.11.1.jar
7f6717805000-7f6717807000 r--s 00005000 08:09 1971546                    /home/dewmal/.m2/repository/lk/egreen/msa/studio/bootstrap/1.0-SNAPSHOT/bootstrap-1.0-SNAPSHOT.jar
7f6717807000-7f671781a000 r--s 00344000 08:07 811387                     /opt/jdk/jre/lib/resources.jar
7f671781a000-7f671781b000 ---p 00000000 00:00 0 
7f671781b000-7f671791b000 rw-p 00000000 00:00 0 
7f671791b000-7f671791e000 ---p 00000000 00:00 0 
7f671791e000-7f6717a1c000 rw-p 00000000 00:00 0 
7f6717a1c000-7f6717a1f000 ---p 00000000 00:00 0 
7f6717a1f000-7f6717b1d000 rw-p 00000000 00:00 0 
7f6717b1d000-7f6717b20000 ---p 00000000 00:00 0 
7f6717b20000-7f6717c1e000 rw-p 00000000 00:00 0 
7f6717c1e000-7f6717c21000 ---p 00000000 00:00 0 
7f6717c21000-7f6717d1f000 rw-p 00000000 00:00 0 
7f6717d1f000-7f6717d22000 ---p 00000000 00:00 0 
7f6717d22000-7f6717e20000 rw-p 00000000 00:00 0 
7f6717e20000-7f6718000000 r--p 00000000 08:07 272154                     /usr/lib/locale/locale-archive
7f6718000000-7f6718021000 rw-p 00000000 00:00 0 
7f6718021000-7f671c000000 ---p 00000000 00:00 0 
7f671c000000-7f671c021000 rw-p 00000000 00:00 0 
7f671c021000-7f6720000000 ---p 00000000 00:00 0 
7f6720000000-7f6720021000 rw-p 00000000 00:00 0 
7f6720021000-7f6724000000 ---p 00000000 00:00 0 
7f6724000000-7f6724021000 rw-p 00000000 00:00 0 
7f6724021000-7f6728000000 ---p 00000000 00:00 0 
7f6728000000-7f6728013000 r--s 000d6000 08:07 811291                     /opt/jdk/jre/lib/plugin.jar
7f6728013000-7f6728017000 r--s 00097000 08:07 811401                     /opt/jdk/jre/lib/jsse.jar
7f6728017000-7f6728019000 r--s 00007000 08:07 811573                     /opt/jdk/jre/lib/jfxswt.jar
7f6728019000-7f672801e000 r--s 00084000 08:07 811266                     /opt/jdk/jre/lib/jfr.jar
7f672801e000-7f6728039000 r--s 00208000 08:07 811267                     /opt/jdk/jre/lib/deploy.jar
7f6728039000-7f672803c000 ---p 00000000 00:00 0 
7f672803c000-7f672813a000 rw-p 00000000 00:00 0 
7f672813a000-7f672813d000 ---p 00000000 00:00 0 
7f672813d000-7f672823b000 rw-p 00000000 00:00 0 
7f672823b000-7f672823e000 ---p 00000000 00:00 0 
7f672823e000-7f672833c000 rw-p 00000000 00:00 0 
7f672833c000-7f672833d000 ---p 00000000 00:00 0 
7f672833d000-7f672a060000 rw-p 00000000 00:00 0 
7f672a060000-7f672a239000 r--s 03d1f000 08:07 811349                     /opt/jdk/jre/lib/rt.jar
7f672a239000-7f672b00e000 rw-p 00000000 00:00 0 
7f672b00e000-7f672b00f000 ---p 00000000 00:00 0 
7f672b00f000-7f672b10f000 rw-p 00000000 00:00 0 
7f672b10f000-7f672b110000 ---p 00000000 00:00 0 
7f672b110000-7f672b210000 rw-p 00000000 00:00 0 
7f672b210000-7f672b211000 ---p 00000000 00:00 0 
7f672b211000-7f672b311000 rw-p 00000000 00:00 0 
7f672b311000-7f672b312000 ---p 00000000 00:00 0 
7f672b312000-7f672b412000 rw-p 00000000 00:00 0 
7f672b412000-7f672b413000 ---p 00000000 00:00 0 
7f672b413000-7f672b513000 rw-p 00000000 00:00 0 
7f672b513000-7f672b514000 ---p 00000000 00:00 0 
7f672b514000-7f672b614000 rw-p 00000000 00:00 0 
7f672b614000-7f672b615000 ---p 00000000 00:00 0 
7f672b615000-7f672b715000 rw-p 00000000 00:00 0 
7f672b715000-7f672b716000 ---p 00000000 00:00 0 
7f672b716000-7f672b83f000 rw-p 00000000 00:00 0 
7f672b83f000-7f672bbfa000 ---p 00000000 00:00 0 
7f672bbfa000-7f672bc23000 rw-p 00000000 00:00 0 
7f672bc23000-7f672bfdd000 ---p 00000000 00:00 0 
7f672bfdd000-7f672c044000 rw-p 00000000 00:00 0 
7f672c044000-7f672c1cf000 ---p 00000000 00:00 0 
7f672c1cf000-7f672c1ed000 rw-p 00000000 00:00 0 
7f672c1ed000-7f672c590000 ---p 00000000 00:00 0 
7f672c590000-7f672ccc0000 rwxp 00000000 00:00 0 
7f672ccc0000-7f673b590000 ---p 00000000 00:00 0 
7f673b590000-7f673b5aa000 r-xp 00000000 08:07 811551                     /opt/jdk/jre/lib/amd64/libzip.so
7f673b5aa000-7f673b7aa000 ---p 0001a000 08:07 811551                     /opt/jdk/jre/lib/amd64/libzip.so
7f673b7aa000-7f673b7ab000 rw-p 0001a000 08:07 811551                     /opt/jdk/jre/lib/amd64/libzip.so
7f673b7ab000-7f673b7b6000 r-xp 00000000 08:07 1054397                    /usr/lib/libnss_files-2.23.so
7f673b7b6000-7f673b9b5000 ---p 0000b000 08:07 1054397                    /usr/lib/libnss_files-2.23.so
7f673b9b5000-7f673b9b6000 r--p 0000a000 08:07 1054397                    /usr/lib/libnss_files-2.23.so
7f673b9b6000-7f673b9b7000 rw-p 0000b000 08:07 1054397                    /usr/lib/libnss_files-2.23.so
7f673b9b7000-7f673b9bd000 rw-p 00000000 00:00 0 
7f673b9bd000-7f673b9e7000 r-xp 00000000 08:07 811546                     /opt/jdk/jre/lib/amd64/libjava.so
7f673b9e7000-7f673bbe7000 ---p 0002a000 08:07 811546                     /opt/jdk/jre/lib/amd64/libjava.so
7f673bbe7000-7f673bbe9000 rw-p 0002a000 08:07 811546                     /opt/jdk/jre/lib/amd64/libjava.so
7f673bbe9000-7f673bbf6000 r-xp 00000000 08:07 811550                     /opt/jdk/jre/lib/amd64/libverify.so
7f673bbf6000-7f673bdf6000 ---p 0000d000 08:07 811550                     /opt/jdk/jre/lib/amd64/libverify.so
7f673bdf6000-7f673bdf8000 rw-p 0000d000 08:07 811550                     /opt/jdk/jre/lib/amd64/libverify.so
7f673bdf8000-7f673bdff000 r-xp 00000000 08:07 1089807                    /usr/lib/librt-2.23.so
7f673bdff000-7f673bffe000 ---p 00007000 08:07 1089807                    /usr/lib/librt-2.23.so
7f673bffe000-7f673bfff000 r--p 00006000 08:07 1089807                    /usr/lib/librt-2.23.so
7f673bfff000-7f673c000000 rw-p 00007000 08:07 1089807                    /usr/lib/librt-2.23.so
7f673c000000-7f673d33a000 rw-p 00000000 00:00 0 
7f673d33a000-7f6740000000 ---p 00000000 00:00 0 
7f6740000000-7f6740001000 r--s 00001000 08:09 3277901                    /home/dewmal/.gradle/caches/modules-2/files-2.1/org.glassfish.jersey.ext.cdi/jersey-weld2-se/2.23.1/a6ceb9a9eecf27009706591bf495cd6dc31d8128/jersey-weld2-se-2.23.1.jar
7f6740001000-7f6740004000 r--s 0001a000 08:07 811571                     /opt/jdk/jre/lib/jce.jar
7f6740004000-7f67400c9000 rw-p 00000000 00:00 0 
7f67400c9000-7f67401cc000 r-xp 00000000 08:07 1089803                    /usr/lib/libm-2.23.so
7f67401cc000-7f67403cb000 ---p 00103000 08:07 1089803                    /usr/lib/libm-2.23.so
7f67403cb000-7f67403cc000 r--p 00102000 08:07 1089803                    /usr/lib/libm-2.23.so
7f67403cc000-7f67403cd000 rw-p 00103000 08:07 1089803                    /usr/lib/libm-2.23.so
7f67403cd000-7f674108d000 r-xp 00000000 08:07 811529                     /opt/jdk/jre/lib/amd64/server/libjvm.so
7f674108d000-7f674128d000 ---p 00cc0000 08:07 811529                     /opt/jdk/jre/lib/amd64/server/libjvm.so
7f674128d000-7f6741365000 rw-p 00cc0000 08:07 811529                     /opt/jdk/jre/lib/amd64/server/libjvm.so
7f6741365000-7f67413b0000 rw-p 00000000 00:00 0 
7f67413b0000-7f6741547000 r-xp 00000000 08:07 1054339                    /usr/lib/libc-2.23.so
7f6741547000-7f6741747000 ---p 00197000 08:07 1054339                    /usr/lib/libc-2.23.so
7f6741747000-7f674174b000 r--p 00197000 08:07 1054339                    /usr/lib/libc-2.23.so
7f674174b000-7f674174d000 rw-p 0019b000 08:07 1054339                    /usr/lib/libc-2.23.so
7f674174d000-7f6741751000 rw-p 00000000 00:00 0 
7f6741751000-7f6741753000 r-xp 00000000 08:07 1089802                    /usr/lib/libdl-2.23.so
7f6741753000-7f6741953000 ---p 00002000 08:07 1089802                    /usr/lib/libdl-2.23.so
7f6741953000-7f6741954000 r--p 00002000 08:07 1089802                    /usr/lib/libdl-2.23.so
7f6741954000-7f6741955000 rw-p 00003000 08:07 1089802                    /usr/lib/libdl-2.23.so
7f6741955000-7f674196a000 r-xp 00000000 08:07 811164                     /opt/jdk/lib/amd64/jli/libjli.so
7f674196a000-7f6741b6a000 ---p 00015000 08:07 811164                     /opt/jdk/lib/amd64/jli/libjli.so
7f6741b6a000-7f6741b6b000 rw-p 00015000 08:07 811164                     /opt/jdk/lib/amd64/jli/libjli.so
7f6741b6b000-7f6741b83000 r-xp 00000000 08:07 1054318                    /usr/lib/libpthread-2.23.so
7f6741b83000-7f6741d82000 ---p 00018000 08:07 1054318                    /usr/lib/libpthread-2.23.so
7f6741d82000-7f6741d83000 r--p 00017000 08:07 1054318                    /usr/lib/libpthread-2.23.so
7f6741d83000-7f6741d84000 rw-p 00018000 08:07 1054318                    /usr/lib/libpthread-2.23.so
7f6741d84000-7f6741d88000 rw-p 00000000 00:00 0 
7f6741d88000-7f6741dab000 r-xp 00000000 08:07 1054338                    /usr/lib/ld-2.23.so
7f6741dab000-7f6741db5000 r--s 0006c000 08:07 811276                     /opt/jdk/jre/lib/javaws.jar
7f6741db5000-7f6741dbb000 r--s 002f8000 08:07 811347                     /opt/jdk/jre/lib/charsets.jar
7f6741dbb000-7f6741e72000 rw-p 00000000 00:00 0 
7f6741e72000-7f6741e75000 ---p 00000000 00:00 0 
7f6741e75000-7f6741f77000 rw-p 00000000 00:00 0 
7f6741f77000-7f6741f78000 r--s 00000000 08:07 811273                     /opt/jdk/jre/lib/management-agent.jar
7f6741f78000-7f6741fa0000 rw-p 00000000 00:00 0 
7f6741fa0000-7f6741fa8000 rw-s 00000000 00:25 1072268                    /tmp/hsperfdata_dewmal/27528
7f6741fa8000-7f6741fa9000 rw-p 00000000 00:00 0 
7f6741fa9000-7f6741faa000 r--p 00000000 00:00 0 
7f6741faa000-7f6741fab000 rw-p 00000000 00:00 0 
7f6741fab000-7f6741fac000 r--p 00023000 08:07 1054338                    /usr/lib/ld-2.23.so
7f6741fac000-7f6741fad000 rw-p 00024000 08:07 1054338                    /usr/lib/ld-2.23.so
7f6741fad000-7f6741fae000 rw-p 00000000 00:00 0 
7ffdd93ff000-7ffdd9424000 rw-p 00000000 00:00 0                          [stack]
7ffdd95a7000-7ffdd95aa000 r--p 00000000 00:00 0                          [vvar]
7ffdd95aa000-7ffdd95ac000 r-xp 00000000 00:00 0                          [vdso]
ffffffffff600000-ffffffffff601000 r-xp 00000000 00:00 0                  [vsyscall]

VM Arguments:
jvm_args: -Didea.launcher.port=7532 -Didea.launcher.bin.path=/home/dewmal/applications/idea-IU-162.1121.32/bin -Dfile.encoding=UTF-8 
java_command: com.intellij.rt.execution.application.AppMain lk.egreen.msa.studio.sample.helloworld.HelloWorldApp
java_class_path (initial): /opt/jdk/jre/lib/charsets.jar:/opt/jdk/jre/lib/deploy.jar:/opt/jdk/jre/lib/ext/cldrdata.jar:/opt/jdk/jre/lib/ext/dnsns.jar:/opt/jdk/jre/lib/ext/jaccess.jar:/opt/jdk/jre/lib/ext/jfxrt.jar:/opt/jdk/jre/lib/ext/localedata.jar:/opt/jdk/jre/lib/ext/nashorn.jar:/opt/jdk/jre/lib/ext/sunec.jar:/opt/jdk/jre/lib/ext/sunjce_provider.jar:/opt/jdk/jre/lib/ext/sunpkcs11.jar:/opt/jdk/jre/lib/ext/zipfs.jar:/opt/jdk/jre/lib/javaws.jar:/opt/jdk/jre/lib/jce.jar:/opt/jdk/jre/lib/jfr.jar:/opt/jdk/jre/lib/jfxswt.jar:/opt/jdk/jre/lib/jsse.jar:/opt/jdk/jre/lib/management-agent.jar:/opt/jdk/jre/lib/plugin.jar:/opt/jdk/jre/lib/resources.jar:/opt/jdk/jre/lib/rt.jar:/home/dewmal/projects/internal_projects/apistudio/sample/helloworld/build/classes/main:/home/dewmal/projects/internal_projects/apistudio/sample/helloworld/build/resources/main:/home/dewmal/.m2/repository/lk/egreen/msa/studio/bootstrap/1.0-SNAPSHOT/bootstrap-1.0-SNAPSHOT.jar:/home/dewmal/.gradle/caches/modules-2/files-2.1/org.scala-lang/scala-library/2.11.1/e11da23da3eabab9f4777b9220e60d44c1aab6a/scala-library-2.11.1.jar:/home/dewmal/.gradle/caches/modules-2/files-2.1/org.glassfish.grizzly/grizzly-http-all/2.3.25/7530cdcef0f3211e8e8815a957113a08a971873a/grizzly-http-all-2.3.25.jar:/home/dewmal/.gradle/caches/modules-2/files-2.1/org.glassfish.jersey.containers/jersey-container-servlet/2.23.1/c32b1d25201b5cae22b640a977887d0075c7c796/jersey-container-servlet-2.23.1.jar:/home/dewmal/.gradle/caches/modules-2/files-2.1/org.glassfish.jersey.containers/jersey-container-grizzly2-http/2.23.1/a08d779a13b9b91312f27d87ab952a0ae8f11ea5/jersey-container-grizzly2-http-2.23.1.jar:/home/dewmal/.gradle/caches/modules-2/files-2.1/org.jboss.weld.se/weld-se-core/3.0.0.Alpha16/6a130b85a4b056b5f4c149eee496034e8daff1f4/weld-se-core-3.0.0.Alpha16.jar:/home/dewmal/.gradle/caches/modules-2/files-2.1/org.glassfish.jersey.ext.cdi/jersey-weld2-se/2.23.1/a6ceb9a9eecf27009706591bf495cd6dc31d8128/jersey-weld2-se-2.23.1.jar:/home/dewmal/.
Launcher Type: SUN_STANDARD

Environment Variables:
PATH=/opt/google-cloud-sdk/bin:/usr/local/sbin:/usr/local/bin:/usr/bin:/usr/lib/jvm/default/bin:/usr/bin/site_perl:/usr/bin/vendor_perl:/usr/bin/core_perl
USERNAME=dewmal
LD_LIBRARY_PATH=/home/dewmal/applications/idea-IU-162.1121.32/bin:
SHELL=/bin/zsh
DISPLAY=:0

Signal Handlers:
SIGSEGV: [libjvm.so+0xabca10], sa_mask[0]=11111111011111111101111111111110, sa_flags=SA_RESTART|SA_SIGINFO
SIGBUS: [libjvm.so+0xabca10], sa_mask[0]=11111111011111111101111111111110, sa_flags=SA_RESTART|SA_SIGINFO
SIGFPE: [libjvm.so+0x919a20], sa_mask[0]=11111111011111111101111111111110, sa_flags=SA_RESTART|SA_SIGINFO
SIGPIPE: [libjvm.so+0x919a20], sa_mask[0]=11111111011111111101111111111110, sa_flags=SA_RESTART|SA_SIGINFO
SIGXFSZ: [libjvm.so+0x919a20], sa_mask[0]=11111111011111111101111111111110, sa_flags=SA_RESTART|SA_SIGINFO
SIGILL: [libjvm.so+0x919a20], sa_mask[0]=11111111011111111101111111111110, sa_flags=SA_RESTART|SA_SIGINFO
SIGUSR1: SIG_DFL, sa_mask[0]=00000000000000000000000000000000, sa_flags=none
SIGUSR2: [libjvm.so+0x91b050], sa_mask[0]=00100000000000000000000000000000, sa_flags=SA_RESTART|SA_SIGINFO
SIGHUP: [libjvm.so+0x91c450], sa_mask[0]=11111111011111111101111111111110, sa_flags=SA_RESTART|SA_SIGINFO
SIGINT: [libjvm.so+0x91c450], sa_mask[0]=11111111011111111101111111111110, sa_flags=SA_RESTART|SA_SIGINFO
SIGTERM: [libjvm.so+0x91c450], sa_mask[0]=11111111011111111101111111111110, sa_flags=SA_RESTART|SA_SIGINFO
SIGQUIT: [libjvm.so+0x91c450], sa_mask[0]=11111111011111111101111111111110, sa_flags=SA_RESTART|SA_SIGINFO


---------------  S Y S T E M  ---------------

OS:LSB_VERSION=1.4
DISTRIB_ID=Arch
DISTRIB_RELEASE=rolling
DISTRIB_DESCRIPTION="Arch Linux"

uname:Linux 4.6.2-1-ARCH #1 SMP PREEMPT Wed Jun 8 08:40:59 CEST 2016 x86_64
libc:glibc 2.23 NPTL 2.23 
rlimit: STACK 8192k, CORE infinity, NPROC 47468, NOFILE 4096, AS infinity
load average:1.88 1.38 1.43

/proc/meminfo:
MemTotal:       12222504 kB
MemFree:         1487896 kB
MemAvailable:    2648796 kB
Buffers:          151920 kB
Cached:          1523684 kB
SwapCached:        40876 kB
Active:          8071956 kB
Inactive:        2185180 kB
Active(anon):    7244024 kB
Inactive(anon):  1676444 kB
Active(file):     827932 kB
Inactive(file):   508736 kB
Unevictable:        7020 kB
Mlocked:            7020 kB
SwapTotal:       5119996 kB
SwapFree:        4395168 kB
Dirty:             39964 kB
Writeback:             0 kB
AnonPages:       8552164 kB
Mapped:           379444 kB
Shmem:            338928 kB
Slab:             228572 kB
SReclaimable:     127696 kB
SUnreclaim:       100876 kB
KernelStack:       21232 kB
PageTables:        86260 kB
NFS_Unstable:          0 kB
Bounce:                0 kB
WritebackTmp:          0 kB
CommitLimit:    11231248 kB
Committed_AS:   19696604 kB
VmallocTotal:   34359738367 kB
VmallocUsed:           0 kB
VmallocChunk:          0 kB
HardwareCorrupted:     0 kB
AnonHugePages:   4925440 kB
HugePages_Total:       0
HugePages_Free:        0
HugePages_Rsvd:        0
HugePages_Surp:        0
Hugepagesize:       2048 kB
DirectMap4k:      350256 kB
DirectMap2M:    12146688 kB
DirectMap1G:     1048576 kB


CPU:total 8 (4 cores per cpu, 2 threads per core) family 6 model 60 stepping 3, cmov, cx8, fxsr, mmx, sse, sse2, sse3, ssse3, sse4.1, sse4.2, popcnt, avx, avx2, aes, clmul, erms, lzcnt, ht, tsc, tscinvbit, bmi1, bmi2

/proc/cpuinfo:
processor	: 0
vendor_id	: GenuineIntel
cpu family	: 6
model		: 60
model name	: Intel(R) Core(TM) i7-4702MQ CPU @ 2.20GHz
stepping	: 3
microcode	: 0x16
cpu MHz		: 2200.085
cache size	: 6144 KB
physical id	: 0
siblings	: 8
core id		: 0
cpu cores	: 4
apicid		: 0
initial apicid	: 0
fpu		: yes
fpu_exception	: yes
cpuid level	: 13
wp		: yes
flags		: fpu vme de pse tsc msr pae mce cx8 apic sep mtrr pge mca cmov pat pse36 clflush dts acpi mmx fxsr sse sse2 ss ht tm pbe syscall nx pdpe1gb rdtscp lm constant_tsc arch_perfmon pebs bts rep_good nopl xtopology nonstop_tsc aperfmperf eagerfpu pni pclmulqdq dtes64 monitor ds_cpl vmx est tm2 ssse3 sdbg fma cx16 xtpr pdcm pcid sse4_1 sse4_2 movbe popcnt tsc_deadline_timer aes xsave avx f16c rdrand lahf_lm abm epb tpr_shadow vnmi flexpriority ept vpid fsgsbase tsc_adjust bmi1 avx2 smep bmi2 erms invpcid xsaveopt dtherm ida arat pln pts
bugs		:
bogomips	: 4391.76
clflush size	: 64
cache_alignment	: 64
address sizes	: 39 bits physical, 48 bits virtual
power management:

processor	: 1
vendor_id	: GenuineIntel
cpu family	: 6
model		: 60
model name	: Intel(R) Core(TM) i7-4702MQ CPU @ 2.20GHz
stepping	: 3
microcode	: 0x16
cpu MHz		: 2898.242
cache size	: 6144 KB
physical id	: 0
siblings	: 8
core id		: 0
cpu cores	: 4
apicid		: 1
initial apicid	: 1
fpu		: yes
fpu_exception	: yes
cpuid level	: 13
wp		: yes
flags		: fpu vme de pse tsc msr pae mce cx8 apic sep mtrr pge mca cmov pat pse36 clflush dts acpi mmx fxsr sse sse2 ss ht tm pbe syscall nx pdpe1gb rdtscp lm constant_tsc arch_perfmon pebs bts rep_good nopl xtopology nonstop_tsc aperfmperf eagerfpu pni pclmulqdq dtes64 monitor ds_cpl vmx est tm2 ssse3 sdbg fma cx16 xtpr pdcm pcid sse4_1 sse4_2 movbe popcnt tsc_deadline_timer aes xsave avx f16c rdrand lahf_lm abm epb tpr_shadow vnmi flexpriority ept vpid fsgsbase tsc_adjust bmi1 avx2 smep bmi2 erms invpcid xsaveopt dtherm ida arat pln pts
bugs		:
bogomips	: 4393.51
clflush size	: 64
cache_alignment	: 64
address sizes	: 39 bits physical, 48 bits virtual
power management:

processor	: 2
vendor_id	: GenuineIntel
cpu family	: 6
model		: 60
model name	: Intel(R) Core(TM) i7-4702MQ CPU @ 2.20GHz
stepping	: 3
microcode	: 0x16
cpu MHz		: 2243.484
cache size	: 6144 KB
physical id	: 0
siblings	: 8
core id		: 1
cpu cores	: 4
apicid		: 2
initial apicid	: 2
fpu		: yes
fpu_exception	: yes
cpuid level	: 13
wp		: yes
flags		: fpu vme de pse tsc msr pae mce cx8 apic sep mtrr pge mca cmov pat pse36 clflush dts acpi mmx fxsr sse sse2 ss ht tm pbe syscall nx pdpe1gb rdtscp lm constant_tsc arch_perfmon pebs bts rep_good nopl xtopology nonstop_tsc aperfmperf eagerfpu pni pclmulqdq dtes64 monitor ds_cpl vmx est tm2 ssse3 sdbg fma cx16 xtpr pdcm pcid sse4_1 sse4_2 movbe popcnt tsc_deadline_timer aes xsave avx f16c rdrand lahf_lm abm epb tpr_shadow vnmi flexpriority ept vpid fsgsbase tsc_adjust bmi1 avx2 smep bmi2 erms invpcid xsaveopt dtherm ida arat pln pts
bugs		:
bogomips	: 4392.94
clflush size	: 64
cache_alignment	: 64
address sizes	: 39 bits physical, 48 bits virtual
power management:

processor	: 3
vendor_id	: GenuineIntel
cpu family	: 6
model		: 60
model name	: Intel(R) Core(TM) i7-4702MQ CPU @ 2.20GHz
stepping	: 3
microcode	: 0x16
cpu MHz		: 2364.140
cache size	: 6144 KB
physical id	: 0
siblings	: 8
core id		: 1
cpu cores	: 4
apicid		: 3
initial apicid	: 3
fpu		: yes
fpu_exception	: yes
cpuid level	: 13
wp		: yes
flags		: fpu vme de pse tsc msr pae mce cx8 apic sep mtrr pge mca cmov pat pse36 clflush dts acpi mmx fxsr sse sse2 ss ht tm pbe syscall nx pdpe1gb rdtscp lm constant_tsc arch_perfmon pebs bts rep_good nopl xtopology nonstop_tsc aperfmperf eagerfpu pni pclmulqdq dtes64 monitor ds_cpl vmx est tm2 ssse3 sdbg fma cx16 xtpr pdcm pcid sse4_1 sse4_2 movbe popcnt tsc_deadline_timer aes xsave avx f16c rdrand lahf_lm abm epb tpr_shadow vnmi flexpriority ept vpid fsgsbase tsc_adjust bmi1 avx2 smep bmi2 erms invpcid xsaveopt dtherm ida arat pln pts
bugs		:
bogomips	: 4392.04
clflush size	: 64
cache_alignment	: 64
address sizes	: 39 bits physical, 48 bits virtual
power management:

processor	: 4
vendor_id	: GenuineIntel
cpu family	: 6
model		: 60
model name	: Intel(R) Core(TM) i7-4702MQ CPU @ 2.20GHz
stepping	: 3
microcode	: 0x16
cpu MHz		: 2435.125
cache size	: 6144 KB
physical id	: 0
siblings	: 8
core id		: 2
cpu cores	: 4
apicid		: 4
initial apicid	: 4
fpu		: yes
fpu_exception	: yes
cpuid level	: 13
wp		: yes
flags		: fpu vme de pse tsc msr pae mce cx8 apic sep mtrr pge mca cmov pat pse36 clflush dts acpi mmx fxsr sse sse2 ss ht tm pbe syscall nx pdpe1gb rdtscp lm constant_tsc arch_perfmon pebs bts rep_good nopl xtopology nonstop_tsc aperfmperf eagerfpu pni pclmulqdq dtes64 monitor ds_cpl vmx est tm2 ssse3 sdbg fma cx16 xtpr pdcm pcid sse4_1 sse4_2 movbe popcnt tsc_deadline_timer aes xsave avx f16c rdrand lahf_lm abm epb tpr_shadow vnmi flexpriority ept vpid fsgsbase tsc_adjust bmi1 avx2 smep bmi2 erms invpcid xsaveopt dtherm ida arat pln pts
bugs		:
bogomips	: 4392.00
clflush size	: 64
cache_alignment	: 64
address sizes	: 39 bits physical, 48 bits virtual
power management:

processor	: 5
vendor_id	: GenuineIntel
cpu family	: 6
model		: 60
model name	: Intel(R) Core(TM) i7-4702MQ CPU @ 2.20GHz
stepping	: 3
microcode	: 0x16
cpu MHz		: 2200.257
cache size	: 6144 KB
physical id	: 0
siblings	: 8
core id		: 2
cpu cores	: 4
apicid		: 5
initial apicid	: 5
fpu		: yes
fpu_exception	: yes
cpuid level	: 13
wp		: yes
flags		: fpu vme de pse tsc msr pae mce cx8 apic sep mtrr pge mca cmov pat pse36 clflush dts acpi mmx fxsr sse sse2 ss ht tm pbe syscall nx pdpe1gb rdtscp lm constant_tsc arch_perfmon pebs bts rep_good nopl xtopology nonstop_tsc aperfmperf eagerfpu pni pclmulqdq dtes64 monitor ds_cpl vmx est tm2 ssse3 sdbg fma cx16 xtpr pdcm pcid sse4_1 sse4_2 movbe popcnt tsc_deadline_timer aes xsave avx f16c rdrand lahf_lm abm epb tpr_shadow vnmi flexpriority ept vpid fsgsbase tsc_adjust bmi1 avx2 smep bmi2 erms invpcid xsaveopt dtherm ida arat pln pts
bugs		:
bogomips	: 4392.03
clflush size	: 64
cache_alignment	: 64
address sizes	: 39 bits physical, 48 bits virtual
power management:

processor	: 6
vendor_id	: GenuineIntel
cpu family	: 6
model		: 60
model name	: Intel(R) Core(TM) i7-4702MQ CPU @ 2.20GHz
stepping	: 3
microcode	: 0x16
cpu MHz		: 2669.906
cache size	: 6144 KB
physical id	: 0
siblings	: 8
core id		: 3
cpu cores	: 4
apicid		: 6
initial apicid	: 6
fpu		: yes
fpu_exception	: yes
cpuid level	: 13
wp		: yes
flags		: fpu vme de pse tsc msr pae mce cx8 apic sep mtrr pge mca cmov pat pse36 clflush dts acpi mmx fxsr sse sse2 ss ht tm pbe syscall nx pdpe1gb rdtscp lm constant_tsc arch_perfmon pebs bts rep_good nopl xtopology nonstop_tsc aperfmperf eagerfpu pni pclmulqdq dtes64 monitor ds_cpl vmx est tm2 ssse3 sdbg fma cx16 xtpr pdcm pcid sse4_1 sse4_2 movbe popcnt tsc_deadline_timer aes xsave avx f16c rdrand lahf_lm abm epb tpr_shadow vnmi flexpriority ept vpid fsgsbase tsc_adjust bmi1 avx2 smep bmi2 erms invpcid xsaveopt dtherm ida arat pln pts
bugs		:
bogomips	: 4392.01
clflush size	: 64
cache_alignment	: 64
address sizes	: 39 bits physical, 48 bits virtual
power management:

processor	: 7
vendor_id	: GenuineIntel
cpu family	: 6
model		: 60
model name	: Intel(R) Core(TM) i7-4702MQ CPU @ 2.20GHz
stepping	: 3
microcode	: 0x16
cpu MHz		: 2206.789
cache size	: 6144 KB
physical id	: 0
siblings	: 8
core id		: 3
cpu cores	: 4
apicid		: 7
initial apicid	: 7
fpu		: yes
fpu_exception	: yes
cpuid level	: 13
wp		: yes
flags		: fpu vme de pse tsc msr pae mce cx8 apic sep mtrr pge mca cmov pat pse36 clflush dts acpi mmx fxsr sse sse2 ss ht tm pbe syscall nx pdpe1gb rdtscp lm constant_tsc arch_perfmon pebs bts rep_good nopl xtopology nonstop_tsc aperfmperf eagerfpu pni pclmulqdq dtes64 monitor ds_cpl vmx est tm2 ssse3 sdbg fma cx16 xtpr pdcm pcid sse4_1 sse4_2 movbe popcnt tsc_deadline_timer aes xsave avx f16c rdrand lahf_lm abm epb tpr_shadow vnmi flexpriority ept vpid fsgsbase tsc_adjust bmi1 avx2 smep bmi2 erms invpcid xsaveopt dtherm ida arat pln pts
bugs		:
bogomips	: 4392.02
clflush size	: 64
cache_alignment	: 64
address sizes	: 39 bits physical, 48 bits virtual
power management:



Memory: 4k page, physical 12222504k(1487896k free), swap 5119996k(4395168k free)

vm_info: Java HotSpot(TM) 64-Bit Server VM (25.91-b14) for linux-amd64 JRE (1.8.0_91-b14), built on Apr  1 2016 00:57:21 by "java_re" with gcc 4.3.0 20080428 (Red Hat 4.3.0-8)

time: Mon Aug  1 15:08:19 2016
elapsed time: 14 seconds (0d 0h 0m 14s)

